{"/home/travis/build/npmtest/node-npmtest-supervisor/test.js":{"path":"/home/travis/build/npmtest/node-npmtest-supervisor/test.js","s":{"1":2,"2":2,"3":2,"4":2,"5":2,"6":2,"7":2,"8":1,"9":2,"10":2,"11":1,"12":1,"13":1,"14":1,"15":2,"16":2,"17":2,"18":2,"19":1,"20":1,"21":2,"22":2,"23":2,"24":1,"25":1,"26":1,"27":1,"28":1,"29":1,"30":1,"31":1,"32":1,"33":1,"34":1,"35":1,"36":1,"37":2,"38":2,"39":1,"40":2,"41":2,"42":1,"43":2,"44":2,"45":1,"46":2,"47":2,"48":1,"49":1,"50":1,"51":1,"52":1},"b":{"1":[2,1,1,1],"2":[1,1,1,1],"3":[1,1],"4":[1,1],"5":[1,1],"6":[1,1],"7":[1,1],"8":[1,1],"9":[1,1,1],"10":[1,1],"11":[1,1],"12":[1,1],"13":[1,1],"14":[1,1],"15":[1,1],"16":[1,1]},"f":{"1":2,"2":2,"3":2,"4":2,"5":2,"6":1,"7":1,"8":2,"9":2,"10":2,"11":2,"12":1},"fnMap":{"1":{"name":"(anonymous_1)","line":12,"loc":{"start":{"line":12,"column":1},"end":{"line":12,"column":13}}},"2":{"name":"(anonymous_2)","line":19,"loc":{"start":{"line":19,"column":5},"end":{"line":19,"column":17}}},"3":{"name":"(anonymous_3)","line":23,"loc":{"start":{"line":23,"column":24},"end":{"line":23,"column":36}}},"4":{"name":"(anonymous_4)","line":61,"loc":{"start":{"line":61,"column":5},"end":{"line":61,"column":17}}},"5":{"name":"(anonymous_5)","line":82,"loc":{"start":{"line":82,"column":5},"end":{"line":82,"column":17}}},"6":{"name":"(anonymous_6)","line":102,"loc":{"start":{"line":102,"column":83},"end":{"line":105,"column":10}},"skip":true},"7":{"name":"(anonymous_7)","line":113,"loc":{"start":{"line":113,"column":77},"end":{"line":116,"column":10}},"skip":true},"8":{"name":"(anonymous_8)","line":129,"loc":{"start":{"line":129,"column":12},"end":{"line":129,"column":40}},"skip":true},"9":{"name":"(anonymous_9)","line":137,"loc":{"start":{"line":137,"column":77},"end":{"line":140,"column":10}},"skip":true},"10":{"name":"(anonymous_10)","line":148,"loc":{"start":{"line":148,"column":83},"end":{"line":151,"column":10}},"skip":true},"11":{"name":"(anonymous_11)","line":159,"loc":{"start":{"line":159,"column":79},"end":{"line":162,"column":10}},"skip":true},"12":{"name":"(anonymous_12)","line":170,"loc":{"start":{"line":170,"column":75},"end":{"line":173,"column":10}},"skip":true}},"statementMap":{"1":{"start":{"line":12,"column":0},"end":{"line":185,"column":5}},"2":{"start":{"line":14,"column":4},"end":{"line":14,"column":14}},"3":{"start":{"line":19,"column":4},"end":{"line":56,"column":9}},"4":{"start":{"line":21,"column":8},"end":{"line":21,"column":19}},"5":{"start":{"line":23,"column":8},"end":{"line":35,"column":13}},"6":{"start":{"line":24,"column":12},"end":{"line":34,"column":13}},"7":{"start":{"line":25,"column":16},"end":{"line":28,"column":30}},"8":{"start":{"line":30,"column":16},"end":{"line":33,"column":27}},"9":{"start":{"line":37,"column":8},"end":{"line":39,"column":21}},"10":{"start":{"line":40,"column":8},"end":{"line":53,"column":9}},"11":{"start":{"line":43,"column":12},"end":{"line":46,"column":14}},"12":{"start":{"line":47,"column":12},"end":{"line":47,"column":18}},"13":{"start":{"line":50,"column":12},"end":{"line":51,"column":46}},"14":{"start":{"line":52,"column":12},"end":{"line":52,"column":18}},"15":{"start":{"line":55,"column":8},"end":{"line":55,"column":35}},"16":{"start":{"line":61,"column":4},"end":{"line":63,"column":9}},"17":{"start":{"line":62,"column":8},"end":{"line":62,"column":15}},"18":{"start":{"line":64,"column":4},"end":{"line":77,"column":5}},"19":{"start":{"line":70,"column":8},"end":{"line":70,"column":14}},"20":{"start":{"line":76,"column":8},"end":{"line":76,"column":14}},"21":{"start":{"line":82,"column":4},"end":{"line":84,"column":9}},"22":{"start":{"line":83,"column":8},"end":{"line":83,"column":15}},"23":{"start":{"line":85,"column":4},"end":{"line":184,"column":5}},"24":{"start":{"line":92,"column":8},"end":{"line":94,"column":63}},"25":{"start":{"line":95,"column":8},"end":{"line":95,"column":14}},"26":{"start":{"line":102,"column":8},"end":{"line":111,"column":10},"skip":true},"27":{"start":{"line":109,"column":12},"end":{"line":109,"column":55},"skip":true},"28":{"start":{"line":110,"column":12},"end":{"line":110,"column":48},"skip":true},"29":{"start":{"line":113,"column":8},"end":{"line":126,"column":10},"skip":true},"30":{"start":{"line":120,"column":12},"end":{"line":120,"column":76},"skip":true},"31":{"start":{"line":121,"column":12},"end":{"line":121,"column":73},"skip":true},"32":{"start":{"line":122,"column":12},"end":{"line":122,"column":74},"skip":true},"33":{"start":{"line":123,"column":12},"end":{"line":123,"column":79},"skip":true},"34":{"start":{"line":124,"column":12},"end":{"line":124,"column":25},"skip":true},"35":{"start":{"line":125,"column":12},"end":{"line":125,"column":45},"skip":true},"36":{"start":{"line":128,"column":8},"end":{"line":135,"column":14},"skip":true},"37":{"start":{"line":133,"column":16},"end":{"line":133,"column":29},"skip":true},"38":{"start":{"line":134,"column":16},"end":{"line":134,"column":55},"skip":true},"39":{"start":{"line":137,"column":8},"end":{"line":146,"column":10},"skip":true},"40":{"start":{"line":144,"column":12},"end":{"line":144,"column":25},"skip":true},"41":{"start":{"line":145,"column":12},"end":{"line":145,"column":45},"skip":true},"42":{"start":{"line":148,"column":8},"end":{"line":157,"column":10},"skip":true},"43":{"start":{"line":155,"column":12},"end":{"line":155,"column":25},"skip":true},"44":{"start":{"line":156,"column":12},"end":{"line":156,"column":48},"skip":true},"45":{"start":{"line":159,"column":8},"end":{"line":168,"column":10},"skip":true},"46":{"start":{"line":166,"column":12},"end":{"line":166,"column":25},"skip":true},"47":{"start":{"line":167,"column":12},"end":{"line":167,"column":46},"skip":true},"48":{"start":{"line":170,"column":8},"end":{"line":179,"column":10},"skip":true},"49":{"start":{"line":177,"column":12},"end":{"line":177,"column":94},"skip":true},"50":{"start":{"line":178,"column":12},"end":{"line":178,"column":48},"skip":true},"51":{"start":{"line":182,"column":8},"end":{"line":182,"column":35},"skip":true},"52":{"start":{"line":183,"column":8},"end":{"line":183,"column":14},"skip":true}},"branchMap":{"1":{"line":25,"type":"binary-expr","locations":[{"start":{"line":25,"column":23},"end":{"line":25,"column":62}},{"start":{"line":26,"column":20},"end":{"line":26,"column":70}},{"start":{"line":27,"column":20},"end":{"line":27,"column":71}},{"start":{"line":28,"column":20},"end":{"line":28,"column":29}}]},"2":{"line":30,"type":"binary-expr","locations":[{"start":{"line":30,"column":23},"end":{"line":30,"column":37}},{"start":{"line":31,"column":20},"end":{"line":31,"column":61}},{"start":{"line":32,"column":20},"end":{"line":32,"column":70}},{"start":{"line":33,"column":20},"end":{"line":33,"column":26}}]},"3":{"line":37,"type":"cond-expr","locations":[{"start":{"line":38,"column":14},"end":{"line":38,"column":20}},{"start":{"line":39,"column":14},"end":{"line":39,"column":20}}]},"4":{"line":40,"type":"switch","locations":[{"start":{"line":42,"column":8},"end":{"line":47,"column":18}},{"start":{"line":49,"column":8},"end":{"line":52,"column":18}}]},"5":{"line":44,"type":"binary-expr","locations":[{"start":{"line":44,"column":16},"end":{"line":44,"column":44}},{"start":{"line":44,"column":48},"end":{"line":44,"column":66}}]},"6":{"line":50,"type":"binary-expr","locations":[{"start":{"line":50,"column":21},"end":{"line":50,"column":49}},{"start":{"line":50,"column":53},"end":{"line":50,"column":72}}]},"7":{"line":64,"type":"switch","locations":[{"start":{"line":69,"column":4},"end":{"line":70,"column":14}},{"start":{"line":75,"column":4},"end":{"line":76,"column":14}}]},"8":{"line":85,"type":"switch","locations":[{"start":{"line":90,"column":4},"end":{"line":95,"column":14}},{"start":{"line":101,"column":4},"end":{"line":183,"column":14},"skip":true}]},"9":{"line":92,"type":"binary-expr","locations":[{"start":{"line":92,"column":18},"end":{"line":92,"column":32}},{"start":{"line":93,"column":12},"end":{"line":93,"column":53}},{"start":{"line":94,"column":12},"end":{"line":94,"column":61}}]},"10":{"line":102,"type":"binary-expr","locations":[{"start":{"line":102,"column":45},"end":{"line":102,"column":79},"skip":true},{"start":{"line":102,"column":83},"end":{"line":111,"column":9},"skip":true}]},"11":{"line":113,"type":"binary-expr","locations":[{"start":{"line":113,"column":42},"end":{"line":113,"column":73},"skip":true},{"start":{"line":113,"column":77},"end":{"line":126,"column":9},"skip":true}]},"12":{"line":128,"type":"binary-expr","locations":[{"start":{"line":128,"column":48},"end":{"line":128,"column":85},"skip":true},{"start":{"line":129,"column":12},"end":{"line":135,"column":13},"skip":true}]},"13":{"line":137,"type":"binary-expr","locations":[{"start":{"line":137,"column":42},"end":{"line":137,"column":73},"skip":true},{"start":{"line":137,"column":77},"end":{"line":146,"column":9},"skip":true}]},"14":{"line":148,"type":"binary-expr","locations":[{"start":{"line":148,"column":45},"end":{"line":148,"column":79},"skip":true},{"start":{"line":148,"column":83},"end":{"line":157,"column":9},"skip":true}]},"15":{"line":159,"type":"binary-expr","locations":[{"start":{"line":159,"column":43},"end":{"line":159,"column":75},"skip":true},{"start":{"line":159,"column":79},"end":{"line":168,"column":9},"skip":true}]},"16":{"line":170,"type":"binary-expr","locations":[{"start":{"line":170,"column":41},"end":{"line":170,"column":71},"skip":true},{"start":{"line":170,"column":75},"end":{"line":179,"column":9},"skip":true}]}},"code":["/* istanbul instrument in package npmtest_supervisor */","/*jslint","    bitwise: true,","    browser: true,","    maxerr: 8,","    maxlen: 96,","    node: true,","    nomen: true,","    regexp: true,","    stupid: true","*/","(function () {","    'use strict';","    var local;","","","","    // run shared js-env code - pre-init","    (function () {","        // init local","        local = {};","        // init modeJs","        local.modeJs = (function () {","            try {","                return typeof navigator.userAgent === 'string' &&","                    typeof document.querySelector('body') === 'object' &&","                    typeof XMLHttpRequest.prototype.open === 'function' &&","                    'browser';","            } catch (errorCaughtBrowser) {","                return module.exports &&","                    typeof process.versions.node === 'string' &&","                    typeof require('http').createServer === 'function' &&","                    'node';","            }","        }());","        // init global","        local.global = local.modeJs === 'browser'","            ? window","            : global;","        switch (local.modeJs) {","        // re-init local from window.local","        case 'browser':","            local = local.global.utility2.objectSetDefault(","                local.global.utility2_rollup || local.global.local,","                local.global.utility2","            );","            break;","        // re-init local from example.js","        case 'node':","            local = (local.global.utility2_rollup || require('utility2'))","                .requireExampleJsFromReadme();","            break;","        }","        // export local","        local.global.local = local;","    }());","","","","    // run shared js-env code - function","    (function () {","        return;","    }());","    switch (local.modeJs) {","","","","    // run browser js-env code - function","    case 'browser':","        break;","","","","    // run node js-env code - function","    case 'node':","        break;","    }","","","","    // run shared js-env code - post-init","    (function () {","        return;","    }());","    switch (local.modeJs) {","","","","    // run browser js-env code - post-init","    case 'browser':","        // run tests","        local.nop(local.modeTest &&","            document.querySelector('#testRunButton1') &&","            document.querySelector('#testRunButton1').click());","        break;","","","","    // run node js-env code - post-init","    /* istanbul ignore next */","    case 'node':","        local.testCase_buildApidoc_default = local.testCase_buildApidoc_default || function (","            options,","            onError","        ) {","        /*","         * this function will test buildApidoc's default handling-behavior-behavior","         */","            options = { modulePathList: module.paths };","            local.buildApidoc(options, onError);","        };","","        local.testCase_buildApp_default = local.testCase_buildApp_default || function (","            options,","            onError","        ) {","        /*","         * this function will test buildApp's default handling-behavior-behavior","         */","            local.testCase_buildReadme_default(options, local.onErrorThrow);","            local.testCase_buildLib_default(options, local.onErrorThrow);","            local.testCase_buildTest_default(options, local.onErrorThrow);","            local.testCase_buildCustomOrg_default(options, local.onErrorThrow);","            options = [];","            local.buildApp(options, onError);","        };","","        local.testCase_buildCustomOrg_default = local.testCase_buildCustomOrg_default ||","            function (options, onError) {","            /*","             * this function will test buildCustomOrg's default handling-behavior","             */","                options = {};","                local.buildCustomOrg(options, onError);","            };","","        local.testCase_buildLib_default = local.testCase_buildLib_default || function (","            options,","            onError","        ) {","        /*","         * this function will test buildLib's default handling-behavior","         */","            options = {};","            local.buildLib(options, onError);","        };","","        local.testCase_buildReadme_default = local.testCase_buildReadme_default || function (","            options,","            onError","        ) {","        /*","         * this function will test buildReadme's default handling-behavior-behavior","         */","            options = {};","            local.buildReadme(options, onError);","        };","","        local.testCase_buildTest_default = local.testCase_buildTest_default || function (","            options,","            onError","        ) {","        /*","         * this function will test buildTest's default handling-behavior","         */","            options = {};","            local.buildTest(options, onError);","        };","","        local.testCase_webpage_default = local.testCase_webpage_default || function (","            options,","            onError","        ) {","        /*","         * this function will test webpage's default handling-behavior","         */","            options = { modeCoverageMerge: true, url: local.serverLocalHost + '?modeTest=1' };","            local.browserTest(options, onError);","        };","","        // run test-server","        local.testRunServer(local);","        break;","    }","}());",""],"l":{"12":2,"14":2,"19":2,"21":2,"23":2,"24":2,"25":2,"30":1,"37":2,"40":2,"43":1,"47":1,"50":1,"52":1,"55":2,"61":2,"62":2,"64":2,"70":1,"76":1,"82":2,"83":2,"85":2,"92":1,"95":1,"102":1,"109":1,"110":1,"113":1,"120":1,"121":1,"122":1,"123":1,"124":1,"125":1,"128":1,"133":2,"134":2,"137":1,"144":2,"145":2,"148":1,"155":2,"156":2,"159":1,"166":2,"167":2,"170":1,"177":1,"178":1,"182":1,"183":1}},"/home/travis/build/npmtest/node-npmtest-supervisor/lib.npmtest_supervisor.js":{"path":"/home/travis/build/npmtest/node-npmtest-supervisor/lib.npmtest_supervisor.js","s":{"1":2,"2":2,"3":2,"4":2,"5":2,"6":2,"7":2,"8":1,"9":2,"10":2,"11":2,"12":2,"13":1,"14":1,"15":1,"16":1},"b":{"1":[2,1,1,1],"2":[1,1,1,1],"3":[1,1],"4":[2,2],"5":[1,1]},"f":{"1":2,"2":2,"3":2},"fnMap":{"1":{"name":"(anonymous_1)","line":12,"loc":{"start":{"line":12,"column":1},"end":{"line":12,"column":13}}},"2":{"name":"(anonymous_2)","line":19,"loc":{"start":{"line":19,"column":5},"end":{"line":19,"column":17}}},"3":{"name":"(anonymous_3)","line":23,"loc":{"start":{"line":23,"column":24},"end":{"line":23,"column":36}}}},"statementMap":{"1":{"start":{"line":12,"column":0},"end":{"line":53,"column":5}},"2":{"start":{"line":14,"column":4},"end":{"line":14,"column":14}},"3":{"start":{"line":19,"column":4},"end":{"line":52,"column":9}},"4":{"start":{"line":21,"column":8},"end":{"line":21,"column":19}},"5":{"start":{"line":23,"column":8},"end":{"line":35,"column":13}},"6":{"start":{"line":24,"column":12},"end":{"line":34,"column":13}},"7":{"start":{"line":25,"column":16},"end":{"line":28,"column":30}},"8":{"start":{"line":30,"column":16},"end":{"line":33,"column":27}},"9":{"start":{"line":37,"column":8},"end":{"line":39,"column":21}},"10":{"start":{"line":41,"column":8},"end":{"line":41,"column":54}},"11":{"start":{"line":43,"column":8},"end":{"line":43,"column":55}},"12":{"start":{"line":45,"column":8},"end":{"line":51,"column":9}},"13":{"start":{"line":46,"column":12},"end":{"line":46,"column":61}},"14":{"start":{"line":48,"column":12},"end":{"line":48,"column":35}},"15":{"start":{"line":49,"column":12},"end":{"line":49,"column":49}},"16":{"start":{"line":50,"column":12},"end":{"line":50,"column":43}}},"branchMap":{"1":{"line":25,"type":"binary-expr","locations":[{"start":{"line":25,"column":23},"end":{"line":25,"column":62}},{"start":{"line":26,"column":20},"end":{"line":26,"column":70}},{"start":{"line":27,"column":20},"end":{"line":27,"column":71}},{"start":{"line":28,"column":20},"end":{"line":28,"column":29}}]},"2":{"line":30,"type":"binary-expr","locations":[{"start":{"line":30,"column":23},"end":{"line":30,"column":37}},{"start":{"line":31,"column":20},"end":{"line":31,"column":61}},{"start":{"line":32,"column":20},"end":{"line":32,"column":70}},{"start":{"line":33,"column":20},"end":{"line":33,"column":26}}]},"3":{"line":37,"type":"cond-expr","locations":[{"start":{"line":38,"column":14},"end":{"line":38,"column":20}},{"start":{"line":39,"column":14},"end":{"line":39,"column":20}}]},"4":{"line":41,"type":"binary-expr","locations":[{"start":{"line":41,"column":16},"end":{"line":41,"column":44}},{"start":{"line":41,"column":48},"end":{"line":41,"column":53}}]},"5":{"line":45,"type":"if","locations":[{"start":{"line":45,"column":8},"end":{"line":45,"column":8}},{"start":{"line":45,"column":8},"end":{"line":45,"column":8}}]}},"code":["/* istanbul instrument in package npmtest_supervisor */","/*jslint","    bitwise: true,","    browser: true,","    maxerr: 8,","    maxlen: 96,","    node: true,","    nomen: true,","    regexp: true,","    stupid: true","*/","(function () {","    'use strict';","    var local;","","","","    // run shared js-env code - pre-init","    (function () {","        // init local","        local = {};","        // init modeJs","        local.modeJs = (function () {","            try {","                return typeof navigator.userAgent === 'string' &&","                    typeof document.querySelector('body') === 'object' &&","                    typeof XMLHttpRequest.prototype.open === 'function' &&","                    'browser';","            } catch (errorCaughtBrowser) {","                return module.exports &&","                    typeof process.versions.node === 'string' &&","                    typeof require('http').createServer === 'function' &&","                    'node';","            }","        }());","        // init global","        local.global = local.modeJs === 'browser'","            ? window","            : global;","        // init utility2_rollup","        local = local.global.utility2_rollup || local;","        // init lib","        local.local = local.npmtest_supervisor = local;","        // init exports","        if (local.modeJs === 'browser') {","            local.global.utility2_npmtest_supervisor = local;","        } else {","            module.exports = local;","            module.exports.__dirname = __dirname;","            module.exports.module = module;","        }","    }());","}());",""],"l":{"12":2,"14":2,"19":2,"21":2,"23":2,"24":2,"25":2,"30":1,"37":2,"41":2,"43":2,"45":2,"46":1,"48":1,"49":1,"50":1}},"/home/travis/build/npmtest/node-npmtest-supervisor/example.js":{"path":"/home/travis/build/npmtest/node-npmtest-supervisor/example.js","s":{"1":2,"2":2,"3":2,"4":2,"5":2,"6":2,"7":2,"8":1,"9":2,"10":2,"11":2,"12":2,"13":1,"14":2,"15":2,"16":2,"17":2,"18":2,"19":0,"20":2,"21":1,"22":1,"23":1,"24":1,"25":1,"26":0,"27":0,"28":1,"29":1,"30":2,"31":0,"32":0,"33":0,"34":1,"35":2,"36":2,"37":2,"38":2,"39":2,"40":2,"41":0,"42":2,"43":2,"44":2,"45":1,"46":3,"47":1,"48":1,"49":1,"50":1,"51":1,"52":1,"53":1,"54":1,"55":1,"56":1,"57":0,"58":1,"59":6,"60":6,"61":1,"62":2,"63":0,"64":2,"65":1,"66":1,"67":0,"68":0,"69":0,"70":0,"71":0,"72":0,"73":0,"74":0,"75":0,"76":0,"77":0,"78":0,"79":0,"80":0,"81":0,"82":0,"83":0},"b":{"1":[2,1,1,1],"2":[1,1,1,1],"3":[1,1],"4":[2,2],"5":[1,1],"6":[1,1],"7":[2,0],"8":[2,1,1,1,1,1],"9":[0,2,0],"10":[1,1],"11":[2,1,1],"12":[1,0],"13":[0,2],"14":[2,0,0,0,0,0,0],"15":[0,2],"16":[2,0],"17":[1,1],"18":[0,1],"19":[1,2,0,2],"20":[1,0],"21":[1,1],"22":[0,0],"23":[0,0],"24":[0,0],"25":[0,0],"26":[0,0],"27":[0,0],"28":[0,0]},"f":{"1":2,"2":2,"3":2,"4":2,"5":2,"6":2,"7":2,"8":2,"9":3,"10":1,"11":6,"12":0},"fnMap":{"1":{"name":"(anonymous_1)","line":26,"loc":{"start":{"line":26,"column":1},"end":{"line":26,"column":13}}},"2":{"name":"(anonymous_2)","line":33,"loc":{"start":{"line":33,"column":5},"end":{"line":33,"column":17}}},"3":{"name":"(anonymous_3)","line":37,"loc":{"start":{"line":37,"column":24},"end":{"line":37,"column":36}}},"4":{"name":"(anonymous_4)","line":69,"loc":{"start":{"line":69,"column":31},"end":{"line":69,"column":48}},"skip":true},"5":{"name":"(anonymous_5)","line":78,"loc":{"start":{"line":78,"column":26},"end":{"line":78,"column":45}},"skip":true},"6":{"name":"(anonymous_6)","line":123,"loc":{"start":{"line":123,"column":33},"end":{"line":123,"column":48}},"skip":true},"7":{"name":"(anonymous_7)","line":125,"loc":{"start":{"line":125,"column":27},"end":{"line":125,"column":39}},"skip":true},"8":{"name":"(anonymous_8)","line":133,"loc":{"start":{"line":133,"column":59},"end":{"line":133,"column":74}},"skip":true},"9":{"name":"(anonymous_9)","line":143,"loc":{"start":{"line":143,"column":45},"end":{"line":143,"column":62}},"skip":true},"10":{"name":"(anonymous_10)","line":144,"loc":{"start":{"line":144,"column":73},"end":{"line":144,"column":92}},"skip":true},"11":{"name":"(anonymous_11)","line":272,"loc":{"start":{"line":272,"column":51},"end":{"line":272,"column":77}},"skip":true},"12":{"name":"(anonymous_12)","line":314,"loc":{"start":{"line":314,"column":32},"end":{"line":314,"column":61}},"skip":true}},"statementMap":{"1":{"start":{"line":26,"column":0},"end":{"line":325,"column":5}},"2":{"start":{"line":28,"column":4},"end":{"line":28,"column":14}},"3":{"start":{"line":33,"column":4},"end":{"line":60,"column":9}},"4":{"start":{"line":35,"column":8},"end":{"line":35,"column":19}},"5":{"start":{"line":37,"column":8},"end":{"line":49,"column":13}},"6":{"start":{"line":38,"column":12},"end":{"line":48,"column":13}},"7":{"start":{"line":39,"column":16},"end":{"line":42,"column":30}},"8":{"start":{"line":44,"column":16},"end":{"line":47,"column":27}},"9":{"start":{"line":51,"column":8},"end":{"line":53,"column":21}},"10":{"start":{"line":55,"column":8},"end":{"line":57,"column":45}},"11":{"start":{"line":59,"column":8},"end":{"line":59,"column":35}},"12":{"start":{"line":61,"column":4},"end":{"line":324,"column":5}},"13":{"start":{"line":69,"column":8},"end":{"line":121,"column":10},"skip":true},"14":{"start":{"line":70,"column":12},"end":{"line":88,"column":13},"skip":true},"15":{"start":{"line":76,"column":16},"end":{"line":87,"column":19},"skip":true},"16":{"start":{"line":79,"column":20},"end":{"line":86,"column":21},"skip":true},"17":{"start":{"line":82,"column":24},"end":{"line":82,"column":43},"skip":true},"18":{"start":{"line":83,"column":24},"end":{"line":83,"column":30},"skip":true},"19":{"start":{"line":85,"column":24},"end":{"line":85,"column":49},"skip":true},"20":{"start":{"line":89,"column":12},"end":{"line":107,"column":13},"skip":true},"21":{"start":{"line":92,"column":16},"end":{"line":102,"column":17},"skip":true},"22":{"start":{"line":93,"column":20},"end":{"line":93,"column":86},"skip":true},"23":{"start":{"line":94,"column":20},"end":{"line":95,"column":45},"skip":true},"24":{"start":{"line":96,"column":20},"end":{"line":96,"column":42},"skip":true},"25":{"start":{"line":97,"column":20},"end":{"line":97,"column":48},"skip":true},"26":{"start":{"line":100,"column":20},"end":{"line":100,"column":85},"skip":true},"27":{"start":{"line":101,"column":20},"end":{"line":101,"column":96},"skip":true},"28":{"start":{"line":103,"column":16},"end":{"line":103,"column":22},"skip":true},"29":{"start":{"line":106,"column":16},"end":{"line":106,"column":22},"skip":true},"30":{"start":{"line":108,"column":12},"end":{"line":120,"column":13},"skip":true},"31":{"start":{"line":114,"column":16},"end":{"line":119,"column":17},"skip":true},"32":{"start":{"line":116,"column":20},"end":{"line":116,"column":78},"skip":true},"33":{"start":{"line":118,"column":20},"end":{"line":118,"column":47},"skip":true},"34":{"start":{"line":123,"column":8},"end":{"line":141,"column":11},"skip":true},"35":{"start":{"line":124,"column":12},"end":{"line":124,"column":54},"skip":true},"36":{"start":{"line":125,"column":12},"end":{"line":140,"column":14},"skip":true},"37":{"start":{"line":126,"column":16},"end":{"line":126,"column":28},"skip":true},"38":{"start":{"line":127,"column":16},"end":{"line":127,"column":69},"skip":true},"39":{"start":{"line":128,"column":16},"end":{"line":128,"column":75},"skip":true},"40":{"start":{"line":129,"column":16},"end":{"line":131,"column":17},"skip":true},"41":{"start":{"line":130,"column":20},"end":{"line":130,"column":27},"skip":true},"42":{"start":{"line":133,"column":16},"end":{"line":137,"column":36},"skip":true},"43":{"start":{"line":134,"column":20},"end":{"line":136,"column":55},"skip":true},"44":{"start":{"line":139,"column":16},"end":{"line":139,"column":57},"skip":true},"45":{"start":{"line":143,"column":8},"end":{"line":147,"column":11},"skip":true},"46":{"start":{"line":144,"column":12},"end":{"line":146,"column":15},"skip":true},"47":{"start":{"line":145,"column":16},"end":{"line":145,"column":70},"skip":true},"48":{"start":{"line":149,"column":8},"end":{"line":149,"column":31},"skip":true},"49":{"start":{"line":150,"column":8},"end":{"line":150,"column":14},"skip":true},"50":{"start":{"line":158,"column":8},"end":{"line":158,"column":31},"skip":true},"51":{"start":{"line":160,"column":8},"end":{"line":160,"column":33},"skip":true},"52":{"start":{"line":161,"column":8},"end":{"line":161,"column":37},"skip":true},"53":{"start":{"line":162,"column":8},"end":{"line":162,"column":35},"skip":true},"54":{"start":{"line":164,"column":8},"end":{"line":164,"column":50},"skip":true},"55":{"start":{"line":166,"column":8},"end":{"line":256,"column":2},"skip":true},"56":{"start":{"line":258,"column":8},"end":{"line":286,"column":9},"skip":true},"57":{"start":{"line":259,"column":12},"end":{"line":269,"column":14},"skip":true},"58":{"start":{"line":271,"column":12},"end":{"line":285,"column":19},"skip":true},"59":{"start":{"line":274,"column":20},"end":{"line":274,"column":35},"skip":true},"60":{"start":{"line":275,"column":20},"end":{"line":284,"column":21},"skip":true},"61":{"start":{"line":277,"column":24},"end":{"line":277,"column":64},"skip":true},"62":{"start":{"line":279,"column":24},"end":{"line":279,"column":40},"skip":true},"63":{"start":{"line":281,"column":24},"end":{"line":281,"column":40},"skip":true},"64":{"start":{"line":283,"column":24},"end":{"line":283,"column":39},"skip":true},"65":{"start":{"line":288,"column":8},"end":{"line":290,"column":9},"skip":true},"66":{"start":{"line":289,"column":12},"end":{"line":289,"column":18},"skip":true},"67":{"start":{"line":291,"column":8},"end":{"line":293,"column":54},"skip":true},"68":{"start":{"line":294,"column":8},"end":{"line":301,"column":37},"skip":true},"69":{"start":{"line":302,"column":8},"end":{"line":302,"column":82},"skip":true},"70":{"start":{"line":305,"column":8},"end":{"line":307,"column":9},"skip":true},"71":{"start":{"line":306,"column":12},"end":{"line":306,"column":82},"skip":true},"72":{"start":{"line":309,"column":8},"end":{"line":311,"column":9},"skip":true},"73":{"start":{"line":310,"column":12},"end":{"line":310,"column":18},"skip":true},"74":{"start":{"line":312,"column":8},"end":{"line":312,"column":54},"skip":true},"75":{"start":{"line":313,"column":8},"end":{"line":313,"column":69},"skip":true},"76":{"start":{"line":314,"column":8},"end":{"line":322,"column":36},"skip":true},"77":{"start":{"line":315,"column":12},"end":{"line":315,"column":61},"skip":true},"78":{"start":{"line":316,"column":12},"end":{"line":319,"column":13},"skip":true},"79":{"start":{"line":317,"column":16},"end":{"line":317,"column":75},"skip":true},"80":{"start":{"line":318,"column":16},"end":{"line":318,"column":23},"skip":true},"81":{"start":{"line":320,"column":12},"end":{"line":320,"column":38},"skip":true},"82":{"start":{"line":321,"column":12},"end":{"line":321,"column":27},"skip":true},"83":{"start":{"line":323,"column":8},"end":{"line":323,"column":14},"skip":true}},"branchMap":{"1":{"line":39,"type":"binary-expr","locations":[{"start":{"line":39,"column":23},"end":{"line":39,"column":62}},{"start":{"line":40,"column":20},"end":{"line":40,"column":70}},{"start":{"line":41,"column":20},"end":{"line":41,"column":71}},{"start":{"line":42,"column":20},"end":{"line":42,"column":29}}]},"2":{"line":44,"type":"binary-expr","locations":[{"start":{"line":44,"column":23},"end":{"line":44,"column":37}},{"start":{"line":45,"column":20},"end":{"line":45,"column":61}},{"start":{"line":46,"column":20},"end":{"line":46,"column":70}},{"start":{"line":47,"column":20},"end":{"line":47,"column":26}}]},"3":{"line":51,"type":"cond-expr","locations":[{"start":{"line":52,"column":14},"end":{"line":52,"column":20}},{"start":{"line":53,"column":14},"end":{"line":53,"column":20}}]},"4":{"line":55,"type":"binary-expr","locations":[{"start":{"line":55,"column":16},"end":{"line":55,"column":44}},{"start":{"line":55,"column":49},"end":{"line":57,"column":43}}]},"5":{"line":55,"type":"cond-expr","locations":[{"start":{"line":56,"column":14},"end":{"line":56,"column":54}},{"start":{"line":57,"column":14},"end":{"line":57,"column":43}}]},"6":{"line":61,"type":"switch","locations":[{"start":{"line":68,"column":4},"end":{"line":150,"column":14},"skip":true},{"start":{"line":156,"column":4},"end":{"line":323,"column":14},"skip":true}]},"7":{"line":70,"type":"if","locations":[{"start":{"line":70,"column":12},"end":{"line":70,"column":12},"skip":true},{"start":{"line":70,"column":12},"end":{"line":70,"column":12},"skip":true}]},"8":{"line":70,"type":"binary-expr","locations":[{"start":{"line":70,"column":16},"end":{"line":70,"column":22},"skip":true},{"start":{"line":70,"column":27},"end":{"line":70,"column":32},"skip":true},{"start":{"line":71,"column":20},"end":{"line":71,"column":39},"skip":true},{"start":{"line":72,"column":20},"end":{"line":72,"column":49},"skip":true},{"start":{"line":73,"column":20},"end":{"line":73,"column":58},"skip":true},{"start":{"line":74,"column":20},"end":{"line":74,"column":69},"skip":true}]},"9":{"line":79,"type":"switch","locations":[{"start":{"line":80,"column":20},"end":{"line":80,"column":33},"skip":true},{"start":{"line":81,"column":20},"end":{"line":83,"column":30},"skip":true},{"start":{"line":84,"column":20},"end":{"line":85,"column":49},"skip":true}]},"10":{"line":89,"type":"switch","locations":[{"start":{"line":90,"column":12},"end":{"line":103,"column":22},"skip":true},{"start":{"line":105,"column":12},"end":{"line":106,"column":22},"skip":true}]},"11":{"line":89,"type":"binary-expr","locations":[{"start":{"line":89,"column":20},"end":{"line":89,"column":25},"skip":true},{"start":{"line":89,"column":29},"end":{"line":89,"column":48},"skip":true},{"start":{"line":89,"column":52},"end":{"line":89,"column":74},"skip":true}]},"12":{"line":92,"type":"if","locations":[{"start":{"line":92,"column":16},"end":{"line":92,"column":16},"skip":true},{"start":{"line":92,"column":16},"end":{"line":92,"column":16},"skip":true}]},"13":{"line":108,"type":"if","locations":[{"start":{"line":108,"column":12},"end":{"line":108,"column":12},"skip":true},{"start":{"line":108,"column":12},"end":{"line":108,"column":12},"skip":true}]},"14":{"line":108,"type":"binary-expr","locations":[{"start":{"line":108,"column":16},"end":{"line":108,"column":61},"skip":true},{"start":{"line":108,"column":66},"end":{"line":108,"column":72},"skip":true},{"start":{"line":108,"column":77},"end":{"line":108,"column":82},"skip":true},{"start":{"line":109,"column":20},"end":{"line":109,"column":39},"skip":true},{"start":{"line":110,"column":20},"end":{"line":110,"column":49},"skip":true},{"start":{"line":111,"column":20},"end":{"line":111,"column":58},"skip":true},{"start":{"line":112,"column":20},"end":{"line":112,"column":68},"skip":true}]},"15":{"line":129,"type":"if","locations":[{"start":{"line":129,"column":16},"end":{"line":129,"column":16},"skip":true},{"start":{"line":129,"column":16},"end":{"line":129,"column":16},"skip":true}]},"16":{"line":134,"type":"cond-expr","locations":[{"start":{"line":135,"column":26},"end":{"line":135,"column":29},"skip":true},{"start":{"line":136,"column":26},"end":{"line":136,"column":54},"skip":true}]},"17":{"line":164,"type":"binary-expr","locations":[{"start":{"line":164,"column":27},"end":{"line":164,"column":43},"skip":true},{"start":{"line":164,"column":47},"end":{"line":164,"column":49},"skip":true}]},"18":{"line":258,"type":"if","locations":[{"start":{"line":258,"column":8},"end":{"line":258,"column":8},"skip":true},{"start":{"line":258,"column":8},"end":{"line":258,"column":8},"skip":true}]},"19":{"line":275,"type":"switch","locations":[{"start":{"line":276,"column":20},"end":{"line":277,"column":64},"skip":true},{"start":{"line":278,"column":20},"end":{"line":279,"column":40},"skip":true},{"start":{"line":280,"column":20},"end":{"line":281,"column":40},"skip":true},{"start":{"line":282,"column":20},"end":{"line":283,"column":39},"skip":true}]},"20":{"line":288,"type":"if","locations":[{"start":{"line":288,"column":8},"end":{"line":288,"column":8},"skip":true},{"start":{"line":288,"column":8},"end":{"line":288,"column":8},"skip":true}]},"21":{"line":288,"type":"binary-expr","locations":[{"start":{"line":288,"column":12},"end":{"line":288,"column":40},"skip":true},{"start":{"line":288,"column":44},"end":{"line":288,"column":67},"skip":true}]},"22":{"line":292,"type":"binary-expr","locations":[{"start":{"line":292,"column":12},"end":{"line":292,"column":50},"skip":true},{"start":{"line":293,"column":12},"end":{"line":293,"column":53},"skip":true}]},"23":{"line":295,"type":"binary-expr","locations":[{"start":{"line":295,"column":12},"end":{"line":295,"column":68},"skip":true},{"start":{"line":296,"column":12},"end":{"line":301,"column":36},"skip":true}]},"24":{"line":302,"type":"binary-expr","locations":[{"start":{"line":302,"column":43},"end":{"line":302,"column":75},"skip":true},{"start":{"line":302,"column":79},"end":{"line":302,"column":81},"skip":true}]},"25":{"line":305,"type":"if","locations":[{"start":{"line":305,"column":8},"end":{"line":305,"column":8},"skip":true},{"start":{"line":305,"column":8},"end":{"line":305,"column":8},"skip":true}]},"26":{"line":309,"type":"if","locations":[{"start":{"line":309,"column":8},"end":{"line":309,"column":8},"skip":true},{"start":{"line":309,"column":8},"end":{"line":309,"column":8},"skip":true}]},"27":{"line":312,"type":"binary-expr","locations":[{"start":{"line":312,"column":27},"end":{"line":312,"column":43},"skip":true},{"start":{"line":312,"column":47},"end":{"line":312,"column":53},"skip":true}]},"28":{"line":316,"type":"if","locations":[{"start":{"line":316,"column":12},"end":{"line":316,"column":12},"skip":true},{"start":{"line":316,"column":12},"end":{"line":316,"column":12},"skip":true}]}},"code":["/*","example.js","","quickstart example","","instruction","    1. save this script as example.js","    2. run the shell command:","        $ npm install npmtest-supervisor && PORT=8081 node example.js","    3. play with the browser-demo on http://127.0.0.1:8081","*/","","","","/* istanbul instrument in package npmtest_supervisor */","/*jslint","    bitwise: true,","    browser: true,","    maxerr: 8,","    maxlen: 96,","    node: true,","    nomen: true,","    regexp: true,","    stupid: true","*/","(function () {","    'use strict';","    var local;","","","","    // run shared js-env code - pre-init","    (function () {","        // init local","        local = {};","        // init modeJs","        local.modeJs = (function () {","            try {","                return typeof navigator.userAgent === 'string' &&","                    typeof document.querySelector('body') === 'object' &&","                    typeof XMLHttpRequest.prototype.open === 'function' &&","                    'browser';","            } catch (errorCaughtBrowser) {","                return module.exports &&","                    typeof process.versions.node === 'string' &&","                    typeof require('http').createServer === 'function' &&","                    'node';","            }","        }());","        // init global","        local.global = local.modeJs === 'browser'","            ? window","            : global;","        // init utility2_rollup","        local = local.global.utility2_rollup || (local.modeJs === 'browser'","            ? local.global.utility2_npmtest_supervisor","            : global.utility2_moduleExports);","        // export local","        local.global.local = local;","    }());","    switch (local.modeJs) {","","","","    // post-init","    // run browser js-env code - post-init","    /* istanbul ignore next */","    case 'browser':","        local.testRunBrowser = function (event) {","            if (!event || (event &&","                    event.currentTarget &&","                    event.currentTarget.className &&","                    event.currentTarget.className.includes &&","                    event.currentTarget.className.includes('onreset'))) {","                // reset output","                Array.from(","                    document.querySelectorAll('body > .resettable')","                ).forEach(function (element) {","                    switch (element.tagName) {","                    case 'INPUT':","                    case 'TEXTAREA':","                        element.value = '';","                        break;","                    default:","                        element.textContent = '';","                    }","                });","            }","            switch (event && event.currentTarget && event.currentTarget.id) {","            case 'testRunButton1':","                // show tests","                if (document.querySelector('#testReportDiv1').style.display === 'none') {","                    document.querySelector('#testReportDiv1').style.display = 'block';","                    document.querySelector('#testRunButton1').textContent =","                        'hide internal test';","                    local.modeTest = true;","                    local.testRunDefault(local);","                // hide tests","                } else {","                    document.querySelector('#testReportDiv1').style.display = 'none';","                    document.querySelector('#testRunButton1').textContent = 'run internal test';","                }","                break;","            // custom-case","            default:","                break;","            }","            if (document.querySelector('#inputTextareaEval1') && (!event || (event &&","                    event.currentTarget &&","                    event.currentTarget.className &&","                    event.currentTarget.className.includes &&","                    event.currentTarget.className.includes('oneval')))) {","                // try to eval input-code","                try {","                    /*jslint evil: true*/","                    eval(document.querySelector('#inputTextareaEval1').value);","                } catch (errorCaught) {","                    console.error(errorCaught);","                }","            }","        };","        // log stderr and stdout to #outputTextareaStdout1","        ['error', 'log'].forEach(function (key) {","            console[key + '_original'] = console[key];","            console[key] = function () {","                var element;","                console[key + '_original'].apply(console, arguments);","                element = document.querySelector('#outputTextareaStdout1');","                if (!element) {","                    return;","                }","                // append text to #outputTextareaStdout1","                element.value += Array.from(arguments).map(function (arg) {","                    return typeof arg === 'string'","                        ? arg","                        : JSON.stringify(arg, null, 4);","                }).join(' ') + '\\n';","                // scroll textarea to bottom","                element.scrollTop = element.scrollHeight;","            };","        });","        // init event-handling","        ['change', 'click', 'keyup'].forEach(function (event) {","            Array.from(document.querySelectorAll('.on' + event)).forEach(function (element) {","                element.addEventListener(event, local.testRunBrowser);","            });","        });","        // run tests","        local.testRunBrowser();","        break;","","","","    // run node js-env code - post-init","    /* istanbul ignore next */","    case 'node':","        // export local","        module.exports = local;","        // require modules","        local.fs = require('fs');","        local.http = require('http');","        local.url = require('url');","        // init assets","        local.assetsDict = local.assetsDict || {};","        /* jslint-ignore-begin */","        local.assetsDict['/assets.index.template.html'] = '\\","<!doctype html>\\n\\","<html lang=\"en\">\\n\\","<head>\\n\\","<meta charset=\"UTF-8\">\\n\\","<meta name=\"viewport\" content=\"width=device-width, initial-scale=1\">\\n\\","<title>{{env.npm_package_name}} (v{{env.npm_package_version}})</title>\\n\\","<style>\\n\\","/*csslint\\n\\","    box-sizing: false,\\n\\","    universal-selector: false\\n\\","*/\\n\\","* {\\n\\","    box-sizing: border-box;\\n\\","}\\n\\","body {\\n\\","    background: #dde;\\n\\","    font-family: Arial, Helvetica, sans-serif;\\n\\","    margin: 2rem;\\n\\","}\\n\\","body > * {\\n\\","    margin-bottom: 1rem;\\n\\","}\\n\\",".utility2FooterDiv {\\n\\","    margin-top: 20px;\\n\\","    text-align: center;\\n\\","}\\n\\","</style>\\n\\","<style>\\n\\","/*csslint\\n\\","*/\\n\\","textarea {\\n\\","    font-family: monospace;\\n\\","    height: 10rem;\\n\\","    width: 100%;\\n\\","}\\n\\","textarea[readonly] {\\n\\","    background: #ddd;\\n\\","}\\n\\","</style>\\n\\","</head>\\n\\","<body>\\n\\","<!-- utility2-comment\\n\\","<div id=\"ajaxProgressDiv1\" style=\"background: #d00; height: 2px; left: 0; margin: 0; padding: 0; position: fixed; top: 0; transition: background 0.5s, width 1.5s; width: 25%;\"></div>\\n\\","utility2-comment -->\\n\\","<h1>\\n\\","<!-- utility2-comment\\n\\","    <a\\n\\","        {{#if env.npm_package_homepage}}\\n\\","        href=\"{{env.npm_package_homepage}}\"\\n\\","        {{/if env.npm_package_homepage}}\\n\\","        target=\"_blank\"\\n\\","    >\\n\\","utility2-comment -->\\n\\","        {{env.npm_package_name}} (v{{env.npm_package_version}})\\n\\","<!-- utility2-comment\\n\\","    </a>\\n\\","utility2-comment -->\\n\\","</h1>\\n\\","<h3>{{env.npm_package_description}}</h3>\\n\\","<!-- utility2-comment\\n\\","<h4><a download href=\"assets.app.js\">download standalone app</a></h4>\\n\\","<button class=\"onclick onreset\" id=\"testRunButton1\">run internal test</button><br>\\n\\","<div id=\"testReportDiv1\" style=\"display: none;\"></div>\\n\\","utility2-comment -->\\n\\","\\n\\","\\n\\","\\n\\","<label>stderr and stdout</label>\\n\\","<textarea class=\"resettable\" id=\"outputTextareaStdout1\" readonly></textarea>\\n\\","<!-- utility2-comment\\n\\","{{#if isRollup}}\\n\\","<script src=\"assets.app.js\"></script>\\n\\","{{#unless isRollup}}\\n\\","utility2-comment -->\\n\\","<script src=\"assets.utility2.rollup.js\"></script>\\n\\","<script src=\"jsonp.utility2._stateInit?callback=window.utility2._stateInit\"></script>\\n\\","<script src=\"assets.npmtest_supervisor.rollup.js\"></script>\\n\\","<script src=\"assets.example.js\"></script>\\n\\","<script src=\"assets.test.js\"></script>\\n\\","<!-- utility2-comment\\n\\","{{/if isRollup}}\\n\\","utility2-comment -->\\n\\","<div class=\"utility2FooterDiv\">\\n\\","    [ this app was created with\\n\\","    <a href=\"https://github.com/kaizhu256/node-utility2\" target=\"_blank\">utility2</a>\\n\\","    ]\\n\\","</div>\\n\\","</body>\\n\\","</html>\\n\\","';","        /* jslint-ignore-end */","        if (local.templateRender) {","            local.assetsDict['/'] = local.templateRender(","                local.assetsDict['/assets.index.template.html'],","                {","                    env: local.objectSetDefault(local.env, {","                        npm_package_description: 'the greatest app in the world!',","                        npm_package_name: 'my-app',","                        npm_package_nameAlias: 'my_app',","                        npm_package_version: '0.0.1'","                    })","                }","            );","        } else {","            local.assetsDict['/'] = local.assetsDict['/assets.index.template.html']","                .replace((/\\{\\{env\\.(\\w+?)\\}\\}/g), function (match0, match1) {","                    // jslint-hack","                    String(match0);","                    switch (match1) {","                    case 'npm_package_description':","                        return 'the greatest app in the world!';","                    case 'npm_package_name':","                        return 'my-app';","                    case 'npm_package_nameAlias':","                        return 'my_app';","                    case 'npm_package_version':","                        return '0.0.1';","                    }","                });","        }","        // run the cli","        if (local.global.utility2_rollup || module !== require.main) {","            break;","        }","        local.assetsDict['/assets.example.js'] =","            local.assetsDict['/assets.example.js'] ||","            local.fs.readFileSync(__filename, 'utf8');","        local.assetsDict['/assets.npmtest_supervisor.rollup.js'] =","            local.assetsDict['/assets.npmtest_supervisor.rollup.js'] ||","            local.fs.readFileSync(","                // buildCustomOrg-hack","                local.npmtest_supervisor.__dirname +","                    '/lib.npmtest_supervisor.js',","                'utf8'","            ).replace((/^#!/), '//');","        local.assetsDict['/favicon.ico'] = local.assetsDict['/favicon.ico'] || '';","        // if $npm_config_timeout_exit exists,","        // then exit this process after $npm_config_timeout_exit ms","        if (Number(process.env.npm_config_timeout_exit)) {","            setTimeout(process.exit, Number(process.env.npm_config_timeout_exit));","        }","        // start server","        if (local.global.utility2_serverHttp1) {","            break;","        }","        process.env.PORT = process.env.PORT || '8081';","        console.error('server starting on port ' + process.env.PORT);","        local.http.createServer(function (request, response) {","            request.urlParsed = local.url.parse(request.url);","            if (local.assetsDict[request.urlParsed.pathname] !== undefined) {","                response.end(local.assetsDict[request.urlParsed.pathname]);","                return;","            }","            response.statusCode = 404;","            response.end();","        }).listen(process.env.PORT);","        break;","    }","}());",""],"l":{"26":2,"28":2,"33":2,"35":2,"37":2,"38":2,"39":2,"44":1,"51":2,"55":2,"59":2,"61":2,"69":1,"70":2,"76":2,"79":2,"82":2,"83":2,"85":1,"89":2,"92":1,"93":1,"94":1,"96":1,"97":1,"100":1,"101":1,"103":1,"106":1,"108":2,"114":1,"116":1,"118":1,"123":1,"124":2,"125":2,"126":2,"127":2,"128":2,"129":2,"130":1,"133":2,"134":2,"139":2,"143":1,"144":3,"145":1,"149":1,"150":1,"158":1,"160":1,"161":1,"162":1,"164":1,"166":1,"258":1,"259":1,"271":1,"274":6,"275":6,"277":1,"279":2,"281":1,"283":2,"288":1,"289":1,"291":1,"294":1,"302":1,"305":1,"306":1,"309":1,"310":1,"312":1,"313":1,"314":1,"315":1,"316":1,"317":1,"318":1,"320":1,"321":1,"323":1}},"/home/travis/build/npmtest/node-npmtest-supervisor/node_modules/supervisor/lib/supervisor.js":{"path":"/home/travis/build/npmtest/node-npmtest-supervisor/node_modules/supervisor/lib/supervisor.js","s":{"1":1,"2":1,"3":1,"4":1,"5":1,"6":1,"7":1,"8":1,"9":1,"10":1,"11":1,"12":1,"13":1,"14":1,"15":1,"16":1,"17":1,"18":1,"19":1,"20":1,"21":1,"22":0,"23":0,"24":0,"25":0,"26":0,"27":0,"28":0,"29":0,"30":0,"31":0,"32":0,"33":0,"34":0,"35":0,"36":0,"37":0,"38":0,"39":0,"40":0,"41":0,"42":0,"43":0,"44":0,"45":0,"46":0,"47":0,"48":0,"49":0,"50":0,"51":0,"52":0,"53":0,"54":0,"55":0,"56":0,"57":0,"58":0,"59":0,"60":0,"61":0,"62":0,"63":0,"64":0,"65":0,"66":0,"67":0,"68":0,"69":0,"70":0,"71":0,"72":0,"73":0,"74":0,"75":0,"76":0,"77":0,"78":0,"79":0,"80":0,"81":0,"82":0,"83":0,"84":0,"85":0,"86":0,"87":0,"88":0,"89":0,"90":0,"91":0,"92":0,"93":0,"94":0,"95":0,"96":0,"97":0,"98":0,"99":0,"100":0,"101":0,"102":0,"103":0,"104":0,"105":0,"106":0,"107":0,"108":0,"109":0,"110":0,"111":0,"112":0,"113":0,"114":0,"115":0,"116":0,"117":0,"118":0,"119":0,"120":0,"121":0,"122":0,"123":0,"124":0,"125":0,"126":0,"127":0,"128":0,"129":0,"130":0,"131":0,"132":0,"133":0,"134":0,"135":0,"136":0,"137":0,"138":0,"139":0,"140":0,"141":0,"142":0,"143":0,"144":0,"145":0,"146":0,"147":0,"148":0,"149":0,"150":0,"151":0,"152":0,"153":0,"154":0,"155":0,"156":0,"157":0,"158":0,"159":0,"160":0,"161":0,"162":0,"163":0,"164":0,"165":0,"166":0,"167":0,"168":0,"169":0,"170":0,"171":0,"172":1,"173":0,"174":0,"175":1,"176":0,"177":1,"178":0,"179":0,"180":0,"181":0,"182":0,"183":0,"184":0,"185":0,"186":0,"187":0,"188":0,"189":0,"190":0,"191":0,"192":0,"193":0,"194":0,"195":0,"196":0,"197":0,"198":1,"199":0,"200":0,"201":1,"202":0,"203":0,"204":0,"205":0,"206":0,"207":0,"208":0,"209":0,"210":0,"211":0,"212":0,"213":0,"214":0,"215":1,"216":0,"217":0,"218":0,"219":0,"220":0,"221":0,"222":0,"223":0,"224":0,"225":0,"226":0,"227":1,"228":0,"229":0,"230":0,"231":0,"232":0,"233":0,"234":0,"235":0,"236":0,"237":0,"238":0,"239":0,"240":1,"241":1,"242":1,"243":0,"244":0,"245":0,"246":0,"247":0,"248":0,"249":0,"250":0,"251":0,"252":1,"253":0,"254":0,"255":0,"256":0,"257":0,"258":0,"259":0,"260":0,"261":0,"262":0,"263":0,"264":0,"265":0,"266":0,"267":0,"268":0,"269":0,"270":0,"271":0},"b":{"1":[0,0],"2":[0,0,0],"3":[0,0],"4":[0,0],"5":[0,0],"6":[0,0],"7":[0,0],"8":[0,0],"9":[0,0],"10":[0,0],"11":[0,0],"12":[0,0],"13":[0,0],"14":[0,0],"15":[0,0],"16":[0,0],"17":[0,0],"18":[0,0],"19":[0,0],"20":[0,0],"21":[0,0],"22":[0,0],"23":[0,0],"24":[0,0],"25":[0,0],"26":[0,0],"27":[0,0],"28":[0,0],"29":[0,0],"30":[0,0],"31":[0,0],"32":[0,0],"33":[0,0],"34":[0,0],"35":[0,0],"36":[0,0],"37":[0,0],"38":[0,0],"39":[0,0],"40":[0,0],"41":[0,0],"42":[0,0],"43":[0,0],"44":[0,0],"45":[0,0],"46":[0,0],"47":[0,0],"48":[0,0],"49":[0,0],"50":[0,0],"51":[0,0],"52":[0,0],"53":[0,0],"54":[0,0],"55":[0,0],"56":[0,0],"57":[0,0],"58":[0,0],"59":[0,0],"60":[0,0,0],"61":[0,0],"62":[0,0],"63":[0,0],"64":[0,0],"65":[0,0],"66":[0,0],"67":[0,0],"68":[0,0],"69":[0,0],"70":[0,0],"71":[0,0],"72":[0,0,0],"73":[0,0],"74":[0,0],"75":[0,0],"76":[0,0],"77":[0,0],"78":[0,0],"79":[0,0],"80":[0,0],"81":[0,0],"82":[0,0],"83":[0,0],"84":[0,0,0,0,0],"85":[0,0],"86":[0,0],"87":[0,0],"88":[0,0],"89":[0,0],"90":[0,0],"91":[0,0],"92":[0,0],"93":[0,0],"94":[0,0],"95":[0,0],"96":[0,0],"97":[0,0],"98":[0,0],"99":[0,0],"100":[0,0],"101":[1,0],"102":[0,0],"103":[0,0],"104":[0,0],"105":[0,0],"106":[0,0],"107":[0,0],"108":[0,0],"109":[0,0],"110":[0,0],"111":[0,0],"112":[0,0],"113":[0,0],"114":[0,0],"115":[0,0],"116":[0,0],"117":[0,0,0]},"f":{"1":0,"2":0,"3":0,"4":0,"5":0,"6":0,"7":0,"8":0,"9":0,"10":0,"11":0,"12":0,"13":0,"14":0,"15":0,"16":0,"17":0,"18":0,"19":0,"20":0,"21":0,"22":0,"23":0,"24":0,"25":0,"26":0,"27":0,"28":0,"29":0,"30":0,"31":0,"32":0,"33":0,"34":0},"fnMap":{"1":{"name":"run","line":23,"loc":{"start":{"line":23,"column":0},"end":{"line":23,"column":20}}},"2":{"name":"(anonymous_2)","line":30,"loc":{"start":{"line":30,"column":18},"end":{"line":30,"column":28}}},"3":{"name":"(anonymous_3)","line":138,"loc":{"start":{"line":138,"column":30},"end":{"line":138,"column":44}}},"4":{"name":"(anonymous_4)","line":147,"loc":{"start":{"line":147,"column":24},"end":{"line":147,"column":34}}},"5":{"name":"(anonymous_5)","line":148,"loc":{"start":{"line":148,"column":31},"end":{"line":148,"column":49}}},"6":{"name":"(anonymous_6)","line":161,"loc":{"start":{"line":161,"column":62},"end":{"line":161,"column":79}}},"7":{"name":"(anonymous_7)","line":162,"loc":{"start":{"line":162,"column":31},"end":{"line":162,"column":43}}},"8":{"name":"(anonymous_8)","line":181,"loc":{"start":{"line":181,"column":23},"end":{"line":181,"column":35}}},"9":{"name":"(anonymous_9)","line":208,"loc":{"start":{"line":208,"column":24},"end":{"line":208,"column":35}}},"10":{"name":"(anonymous_10)","line":223,"loc":{"start":{"line":223,"column":29},"end":{"line":223,"column":40}}},"11":{"name":"(anonymous_11)","line":237,"loc":{"start":{"line":237,"column":28},"end":{"line":237,"column":50}}},"12":{"name":"(anonymous_12)","line":245,"loc":{"start":{"line":245,"column":23},"end":{"line":245,"column":44}}},"13":{"name":"(anonymous_13)","line":253,"loc":{"start":{"line":253,"column":41},"end":{"line":253,"column":53}}},"14":{"name":"print","line":261,"loc":{"start":{"line":261,"column":0},"end":{"line":261,"column":19}}},"15":{"name":"help","line":263,"loc":{"start":{"line":263,"column":0},"end":{"line":263,"column":17}}},"16":{"name":"startProgram","line":360,"loc":{"start":{"line":360,"column":0},"end":{"line":360,"column":35}}},"17":{"name":"(anonymous_17)","line":368,"loc":{"start":{"line":368,"column":26},"end":{"line":368,"column":41}}},"18":{"name":"(anonymous_18)","line":375,"loc":{"start":{"line":375,"column":41},"end":{"line":375,"column":58}}},"19":{"name":"(anonymous_19)","line":376,"loc":{"start":{"line":376,"column":41},"end":{"line":376,"column":58}}},"20":{"name":"(anonymous_20)","line":378,"loc":{"start":{"line":378,"column":30},"end":{"line":378,"column":46}}},"21":{"name":"logTimestamp","line":390,"loc":{"start":{"line":390,"column":0},"end":{"line":390,"column":24}}},"22":{"name":"crash","line":398,"loc":{"start":{"line":398,"column":0},"end":{"line":398,"column":18}}},"23":{"name":"(anonymous_23)","line":405,"loc":{"start":{"line":405,"column":15},"end":{"line":405,"column":26}}},"24":{"name":"crashWin","line":421,"loc":{"start":{"line":421,"column":0},"end":{"line":421,"column":36}}},"25":{"name":"(anonymous_25)","line":426,"loc":{"start":{"line":426,"column":46},"end":{"line":426,"column":68}}},"26":{"name":"canWrite","line":443,"loc":{"start":{"line":443,"column":0},"end":{"line":443,"column":34}}},"27":{"name":"(anonymous_27)","line":444,"loc":{"start":{"line":444,"column":23},"end":{"line":444,"column":42}}},"28":{"name":"(anonymous_28)","line":456,"loc":{"start":{"line":456,"column":21},"end":{"line":456,"column":36}}},"29":{"name":"watchGivenFile","line":468,"loc":{"start":{"line":468,"column":0},"end":{"line":468,"column":47}}},"30":{"name":"(anonymous_30)","line":472,"loc":{"start":{"line":472,"column":75},"end":{"line":472,"column":102}}},"31":{"name":"(anonymous_31)","line":487,"loc":{"start":{"line":487,"column":24},"end":{"line":487,"column":48}}},"32":{"name":"(anonymous_32)","line":491,"loc":{"start":{"line":491,"column":47},"end":{"line":491,"column":68}}},"33":{"name":"(anonymous_33)","line":502,"loc":{"start":{"line":502,"column":32},"end":{"line":502,"column":57}}},"34":{"name":"(anonymous_34)","line":507,"loc":{"start":{"line":507,"column":42},"end":{"line":507,"column":62}}}},"statementMap":{"1":{"start":{"line":1,"column":0},"end":{"line":1,"column":23}},"2":{"start":{"line":2,"column":0},"end":{"line":2,"column":43}},"3":{"start":{"line":3,"column":0},"end":{"line":3,"column":27}},"4":{"start":{"line":4,"column":0},"end":{"line":4,"column":25}},"5":{"start":{"line":5,"column":0},"end":{"line":5,"column":22}},"6":{"start":{"line":6,"column":0},"end":{"line":6,"column":23}},"7":{"start":{"line":7,"column":0},"end":{"line":7,"column":17}},"8":{"start":{"line":8,"column":0},"end":{"line":8,"column":20}},"9":{"start":{"line":9,"column":0},"end":{"line":9,"column":27}},"10":{"start":{"line":10,"column":0},"end":{"line":10,"column":22}},"11":{"start":{"line":11,"column":0},"end":{"line":11,"column":27}},"12":{"start":{"line":12,"column":0},"end":{"line":12,"column":27}},"13":{"start":{"line":13,"column":0},"end":{"line":13,"column":28}},"14":{"start":{"line":14,"column":0},"end":{"line":14,"column":26}},"15":{"start":{"line":15,"column":0},"end":{"line":15,"column":23}},"16":{"start":{"line":16,"column":0},"end":{"line":16,"column":22}},"17":{"start":{"line":17,"column":0},"end":{"line":17,"column":25}},"18":{"start":{"line":18,"column":0},"end":{"line":18,"column":39}},"19":{"start":{"line":19,"column":0},"end":{"line":19,"column":34}},"20":{"start":{"line":21,"column":0},"end":{"line":21,"column":18}},"21":{"start":{"line":23,"column":0},"end":{"line":258,"column":1}},"22":{"start":{"line":24,"column":4},"end":{"line":24,"column":152}},"23":{"start":{"line":25,"column":4},"end":{"line":79,"column":5}},"24":{"start":{"line":26,"column":8},"end":{"line":78,"column":9}},"25":{"start":{"line":27,"column":12},"end":{"line":27,"column":26}},"26":{"start":{"line":28,"column":15},"end":{"line":78,"column":9}},"27":{"start":{"line":29,"column":12},"end":{"line":29,"column":26}},"28":{"start":{"line":30,"column":12},"end":{"line":30,"column":31}},"29":{"start":{"line":31,"column":15},"end":{"line":78,"column":9}},"30":{"start":{"line":32,"column":12},"end":{"line":32,"column":27}},"31":{"start":{"line":33,"column":15},"end":{"line":78,"column":9}},"32":{"start":{"line":34,"column":12},"end":{"line":34,"column":27}},"33":{"start":{"line":35,"column":15},"end":{"line":78,"column":9}},"34":{"start":{"line":36,"column":12},"end":{"line":36,"column":46}},"35":{"start":{"line":37,"column":15},"end":{"line":78,"column":9}},"36":{"start":{"line":38,"column":12},"end":{"line":38,"column":41}},"37":{"start":{"line":39,"column":15},"end":{"line":78,"column":9}},"38":{"start":{"line":40,"column":12},"end":{"line":40,"column":27}},"39":{"start":{"line":41,"column":15},"end":{"line":78,"column":9}},"40":{"start":{"line":42,"column":12},"end":{"line":42,"column":34}},"41":{"start":{"line":43,"column":15},"end":{"line":78,"column":9}},"42":{"start":{"line":44,"column":12},"end":{"line":44,"column":33}},"43":{"start":{"line":45,"column":15},"end":{"line":78,"column":9}},"44":{"start":{"line":46,"column":12},"end":{"line":46,"column":32}},"45":{"start":{"line":47,"column":15},"end":{"line":78,"column":9}},"46":{"start":{"line":48,"column":12},"end":{"line":48,"column":34}},"47":{"start":{"line":49,"column":15},"end":{"line":78,"column":9}},"48":{"start":{"line":50,"column":12},"end":{"line":50,"column":39}},"49":{"start":{"line":51,"column":15},"end":{"line":78,"column":9}},"50":{"start":{"line":52,"column":12},"end":{"line":52,"column":34}},"51":{"start":{"line":53,"column":15},"end":{"line":78,"column":9}},"52":{"start":{"line":54,"column":12},"end":{"line":54,"column":51}},"53":{"start":{"line":55,"column":15},"end":{"line":78,"column":9}},"54":{"start":{"line":56,"column":12},"end":{"line":56,"column":38}},"55":{"start":{"line":57,"column":15},"end":{"line":78,"column":9}},"56":{"start":{"line":58,"column":12},"end":{"line":58,"column":36}},"57":{"start":{"line":59,"column":15},"end":{"line":78,"column":9}},"58":{"start":{"line":60,"column":12},"end":{"line":60,"column":39}},"59":{"start":{"line":61,"column":15},"end":{"line":78,"column":9}},"60":{"start":{"line":62,"column":12},"end":{"line":62,"column":28}},"61":{"start":{"line":63,"column":15},"end":{"line":78,"column":9}},"62":{"start":{"line":64,"column":12},"end":{"line":64,"column":32}},"63":{"start":{"line":65,"column":12},"end":{"line":65,"column":34}},"64":{"start":{"line":66,"column":15},"end":{"line":78,"column":9}},"65":{"start":{"line":67,"column":12},"end":{"line":67,"column":34}},"66":{"start":{"line":68,"column":15},"end":{"line":78,"column":9}},"67":{"start":{"line":69,"column":12},"end":{"line":69,"column":35}},"68":{"start":{"line":70,"column":15},"end":{"line":78,"column":9}},"69":{"start":{"line":71,"column":12},"end":{"line":71,"column":33}},"70":{"start":{"line":72,"column":15},"end":{"line":78,"column":9}},"71":{"start":{"line":73,"column":12},"end":{"line":73,"column":27}},"72":{"start":{"line":74,"column":12},"end":{"line":74,"column":18}},"73":{"start":{"line":75,"column":15},"end":{"line":78,"column":9}},"74":{"start":{"line":77,"column":12},"end":{"line":77,"column":28}},"75":{"start":{"line":80,"column":4},"end":{"line":82,"column":5}},"76":{"start":{"line":81,"column":8},"end":{"line":81,"column":22}},"77":{"start":{"line":83,"column":4},"end":{"line":85,"column":5}},"78":{"start":{"line":84,"column":8},"end":{"line":84,"column":20}},"79":{"start":{"line":86,"column":4},"end":{"line":88,"column":5}},"80":{"start":{"line":87,"column":8},"end":{"line":87,"column":29}},"81":{"start":{"line":90,"column":4},"end":{"line":90,"column":58}},"82":{"start":{"line":91,"column":4},"end":{"line":91,"column":45}},"83":{"start":{"line":93,"column":4},"end":{"line":104,"column":5}},"84":{"start":{"line":95,"column":8},"end":{"line":95,"column":31}},"85":{"start":{"line":96,"column":8},"end":{"line":103,"column":9}},"86":{"start":{"line":98,"column":12},"end":{"line":102,"column":13}},"87":{"start":{"line":99,"column":16},"end":{"line":99,"column":50}},"88":{"start":{"line":101,"column":16},"end":{"line":101,"column":47}},"89":{"start":{"line":105,"column":4},"end":{"line":105,"column":87}},"90":{"start":{"line":107,"column":4},"end":{"line":109,"column":5}},"91":{"start":{"line":108,"column":8},"end":{"line":108,"column":95}},"92":{"start":{"line":111,"column":4},"end":{"line":113,"column":5}},"93":{"start":{"line":112,"column":8},"end":{"line":112,"column":35}},"94":{"start":{"line":114,"column":4},"end":{"line":116,"column":5}},"95":{"start":{"line":115,"column":8},"end":{"line":115,"column":41}},"96":{"start":{"line":117,"column":4},"end":{"line":119,"column":5}},"97":{"start":{"line":118,"column":8},"end":{"line":118,"column":37}},"98":{"start":{"line":120,"column":4},"end":{"line":122,"column":5}},"99":{"start":{"line":121,"column":8},"end":{"line":121,"column":37}},"100":{"start":{"line":123,"column":4},"end":{"line":125,"column":5}},"101":{"start":{"line":124,"column":8},"end":{"line":124,"column":56}},"102":{"start":{"line":126,"column":4},"end":{"line":128,"column":5}},"103":{"start":{"line":127,"column":8},"end":{"line":127,"column":51}},"104":{"start":{"line":129,"column":4},"end":{"line":132,"column":5}},"105":{"start":{"line":131,"column":8},"end":{"line":131,"column":35}},"106":{"start":{"line":133,"column":4},"end":{"line":145,"column":5}},"107":{"start":{"line":134,"column":8},"end":{"line":134,"column":30}},"108":{"start":{"line":138,"column":8},"end":{"line":144,"column":11}},"109":{"start":{"line":139,"column":12},"end":{"line":143,"column":13}},"110":{"start":{"line":140,"column":16},"end":{"line":140,"column":37}},"111":{"start":{"line":142,"column":16},"end":{"line":142,"column":58}},"112":{"start":{"line":147,"column":4},"end":{"line":157,"column":6}},"113":{"start":{"line":148,"column":8},"end":{"line":156,"column":11}},"114":{"start":{"line":149,"column":12},"end":{"line":154,"column":13}},"115":{"start":{"line":150,"column":16},"end":{"line":150,"column":41}},"116":{"start":{"line":151,"column":16},"end":{"line":151,"column":43}},"117":{"start":{"line":153,"column":16},"end":{"line":153,"column":48}},"118":{"start":{"line":155,"column":12},"end":{"line":155,"column":27}},"119":{"start":{"line":159,"column":4},"end":{"line":179,"column":5}},"120":{"start":{"line":161,"column":8},"end":{"line":175,"column":11}},"121":{"start":{"line":162,"column":12},"end":{"line":174,"column":15}},"122":{"start":{"line":163,"column":16},"end":{"line":163,"column":42}},"123":{"start":{"line":164,"column":16},"end":{"line":167,"column":17}},"124":{"start":{"line":165,"column":20},"end":{"line":165,"column":73}},"125":{"start":{"line":166,"column":20},"end":{"line":166,"column":39}},"126":{"start":{"line":168,"column":16},"end":{"line":173,"column":17}},"127":{"start":{"line":169,"column":20},"end":{"line":169,"column":36}},"128":{"start":{"line":172,"column":20},"end":{"line":172,"column":35}},"129":{"start":{"line":181,"column":4},"end":{"line":187,"column":7}},"130":{"start":{"line":182,"column":8},"end":{"line":182,"column":34}},"131":{"start":{"line":183,"column":8},"end":{"line":186,"column":9}},"132":{"start":{"line":184,"column":12},"end":{"line":184,"column":64}},"133":{"start":{"line":185,"column":12},"end":{"line":185,"column":34}},"134":{"start":{"line":189,"column":4},"end":{"line":189,"column":12}},"135":{"start":{"line":190,"column":4},"end":{"line":190,"column":40}},"136":{"start":{"line":191,"column":4},"end":{"line":191,"column":49}},"137":{"start":{"line":192,"column":4},"end":{"line":192,"column":37}},"138":{"start":{"line":193,"column":4},"end":{"line":195,"column":5}},"139":{"start":{"line":194,"column":8},"end":{"line":194,"column":35}},"140":{"start":{"line":196,"column":4},"end":{"line":198,"column":5}},"141":{"start":{"line":197,"column":8},"end":{"line":197,"column":43}},"142":{"start":{"line":199,"column":4},"end":{"line":201,"column":5}},"143":{"start":{"line":200,"column":8},"end":{"line":200,"column":50}},"144":{"start":{"line":202,"column":4},"end":{"line":202,"column":47}},"145":{"start":{"line":203,"column":4},"end":{"line":203,"column":39}},"146":{"start":{"line":204,"column":4},"end":{"line":204,"column":12}},"147":{"start":{"line":208,"column":4},"end":{"line":208,"column":72}},"148":{"start":{"line":208,"column":37},"end":{"line":208,"column":69}},"149":{"start":{"line":212,"column":4},"end":{"line":212,"column":24}},"150":{"start":{"line":215,"column":4},"end":{"line":233,"column":5}},"151":{"start":{"line":220,"column":8},"end":{"line":220,"column":34}},"152":{"start":{"line":222,"column":8},"end":{"line":222,"column":36}},"153":{"start":{"line":223,"column":8},"end":{"line":232,"column":11}},"154":{"start":{"line":224,"column":12},"end":{"line":224,"column":45}},"155":{"start":{"line":228,"column":12},"end":{"line":231,"column":13}},"156":{"start":{"line":230,"column":16},"end":{"line":230,"column":24}},"157":{"start":{"line":235,"column":4},"end":{"line":242,"column":5}},"158":{"start":{"line":236,"column":8},"end":{"line":236,"column":44}},"159":{"start":{"line":237,"column":8},"end":{"line":241,"column":11}},"160":{"start":{"line":238,"column":12},"end":{"line":238,"column":50}},"161":{"start":{"line":239,"column":12},"end":{"line":239,"column":44}},"162":{"start":{"line":240,"column":12},"end":{"line":240,"column":60}},"163":{"start":{"line":244,"column":4},"end":{"line":244,"column":38}},"164":{"start":{"line":245,"column":4},"end":{"line":257,"column":7}},"165":{"start":{"line":246,"column":8},"end":{"line":246,"column":44}},"166":{"start":{"line":248,"column":8},"end":{"line":256,"column":9}},"167":{"start":{"line":249,"column":12},"end":{"line":249,"column":71}},"168":{"start":{"line":250,"column":12},"end":{"line":252,"column":13}},"169":{"start":{"line":251,"column":16},"end":{"line":251,"column":60}},"170":{"start":{"line":253,"column":12},"end":{"line":255,"column":15}},"171":{"start":{"line":254,"column":16},"end":{"line":254,"column":51}},"172":{"start":{"line":261,"column":0},"end":{"line":261,"column":52}},"173":{"start":{"line":261,"column":21},"end":{"line":261,"column":36}},"174":{"start":{"line":261,"column":37},"end":{"line":261,"column":50}},"175":{"start":{"line":263,"column":0},"end":{"line":358,"column":1}},"176":{"start":{"line":264,"column":4},"end":{"line":357,"column":9}},"177":{"start":{"line":360,"column":0},"end":{"line":388,"column":1}},"178":{"start":{"line":361,"column":4},"end":{"line":361,"column":77}},"179":{"start":{"line":362,"column":4},"end":{"line":362,"column":25}},"180":{"start":{"line":363,"column":4},"end":{"line":363,"column":70}},"181":{"start":{"line":367,"column":4},"end":{"line":372,"column":5}},"182":{"start":{"line":368,"column":8},"end":{"line":371,"column":11}},"183":{"start":{"line":369,"column":12},"end":{"line":370,"column":57}},"184":{"start":{"line":370,"column":16},"end":{"line":370,"column":57}},"185":{"start":{"line":373,"column":4},"end":{"line":377,"column":5}},"186":{"start":{"line":375,"column":8},"end":{"line":375,"column":92}},"187":{"start":{"line":375,"column":60},"end":{"line":375,"column":88}},"188":{"start":{"line":376,"column":8},"end":{"line":376,"column":94}},"189":{"start":{"line":376,"column":60},"end":{"line":376,"column":90}},"190":{"start":{"line":378,"column":4},"end":{"line":387,"column":7}},"191":{"start":{"line":379,"column":8},"end":{"line":379,"column":23}},"192":{"start":{"line":381,"column":8},"end":{"line":385,"column":9}},"193":{"start":{"line":382,"column":12},"end":{"line":382,"column":95}},"194":{"start":{"line":383,"column":12},"end":{"line":383,"column":33}},"195":{"start":{"line":384,"column":12},"end":{"line":384,"column":128}},"196":{"start":{"line":384,"column":121},"end":{"line":384,"column":128}},"197":{"start":{"line":386,"column":8},"end":{"line":386,"column":33}},"198":{"start":{"line":390,"column":0},"end":{"line":396,"column":1}},"199":{"start":{"line":391,"column":2},"end":{"line":395,"column":3}},"200":{"start":{"line":394,"column":4},"end":{"line":394,"column":35}},"201":{"start":{"line":398,"column":0},"end":{"line":419,"column":1}},"202":{"start":{"line":400,"column":4},"end":{"line":401,"column":15}},"203":{"start":{"line":401,"column":8},"end":{"line":401,"column":15}},"204":{"start":{"line":403,"column":4},"end":{"line":403,"column":24}},"205":{"start":{"line":404,"column":4},"end":{"line":404,"column":30}},"206":{"start":{"line":405,"column":4},"end":{"line":418,"column":11}},"207":{"start":{"line":406,"column":8},"end":{"line":417,"column":9}},"208":{"start":{"line":407,"column":12},"end":{"line":413,"column":13}},"209":{"start":{"line":408,"column":16},"end":{"line":408,"column":51}},"210":{"start":{"line":409,"column":16},"end":{"line":409,"column":51}},"211":{"start":{"line":411,"column":16},"end":{"line":411,"column":38}},"212":{"start":{"line":412,"column":16},"end":{"line":412,"column":51}},"213":{"start":{"line":415,"column":12},"end":{"line":415,"column":36}},"214":{"start":{"line":416,"column":12},"end":{"line":416,"column":32}},"215":{"start":{"line":421,"column":0},"end":{"line":439,"column":1}},"216":{"start":{"line":422,"column":4},"end":{"line":422,"column":27}},"217":{"start":{"line":423,"column":4},"end":{"line":438,"column":5}},"218":{"start":{"line":424,"column":8},"end":{"line":431,"column":9}},"219":{"start":{"line":425,"column":12},"end":{"line":425,"column":46}},"220":{"start":{"line":426,"column":12},"end":{"line":430,"column":15}},"221":{"start":{"line":427,"column":16},"end":{"line":429,"column":17}},"222":{"start":{"line":428,"column":20},"end":{"line":428,"column":40}},"223":{"start":{"line":432,"column":8},"end":{"line":437,"column":9}},"224":{"start":{"line":433,"column":12},"end":{"line":435,"column":13}},"225":{"start":{"line":434,"column":16},"end":{"line":434,"column":76}},"226":{"start":{"line":436,"column":12},"end":{"line":436,"column":20}},"227":{"start":{"line":443,"column":0},"end":{"line":461,"column":1}},"228":{"start":{"line":444,"column":4},"end":{"line":460,"column":7}},"229":{"start":{"line":445,"column":8},"end":{"line":455,"column":9}},"230":{"start":{"line":446,"column":12},"end":{"line":448,"column":13}},"231":{"start":{"line":447,"column":16},"end":{"line":447,"column":66}},"232":{"start":{"line":449,"column":12},"end":{"line":453,"column":13}},"233":{"start":{"line":450,"column":16},"end":{"line":450,"column":59}},"234":{"start":{"line":452,"column":16},"end":{"line":452,"column":48}},"235":{"start":{"line":454,"column":12},"end":{"line":454,"column":33}},"236":{"start":{"line":456,"column":8},"end":{"line":459,"column":11}},"237":{"start":{"line":457,"column":12},"end":{"line":457,"column":42}},"238":{"start":{"line":457,"column":21},"end":{"line":457,"column":42}},"239":{"start":{"line":458,"column":12},"end":{"line":458,"column":33}},"240":{"start":{"line":464,"column":0},"end":{"line":464,"column":45}},"241":{"start":{"line":466,"column":0},"end":{"line":466,"column":94}},"242":{"start":{"line":468,"column":0},"end":{"line":485,"column":1}},"243":{"start":{"line":469,"column":4},"end":{"line":481,"column":5}},"244":{"start":{"line":470,"column":8},"end":{"line":470,"column":81}},"245":{"start":{"line":472,"column":8},"end":{"line":480,"column":11}},"246":{"start":{"line":474,"column":12},"end":{"line":478,"column":13}},"247":{"start":{"line":475,"column":16},"end":{"line":477,"column":17}},"248":{"start":{"line":476,"column":20},"end":{"line":476,"column":50}},"249":{"start":{"line":479,"column":12},"end":{"line":479,"column":20}},"250":{"start":{"line":482,"column":4},"end":{"line":484,"column":5}},"251":{"start":{"line":483,"column":8},"end":{"line":483,"column":45}},"252":{"start":{"line":487,"column":0},"end":{"line":519,"column":2}},"253":{"start":{"line":488,"column":4},"end":{"line":488,"column":28}},"254":{"start":{"line":489,"column":4},"end":{"line":490,"column":15}},"255":{"start":{"line":490,"column":8},"end":{"line":490,"column":15}},"256":{"start":{"line":491,"column":4},"end":{"line":518,"column":7}},"257":{"start":{"line":492,"column":8},"end":{"line":517,"column":9}},"258":{"start":{"line":493,"column":12},"end":{"line":493,"column":69}},"259":{"start":{"line":495,"column":12},"end":{"line":498,"column":13}},"260":{"start":{"line":496,"column":16},"end":{"line":496,"column":61}},"261":{"start":{"line":497,"column":16},"end":{"line":497,"column":23}},"262":{"start":{"line":500,"column":12},"end":{"line":516,"column":13}},"263":{"start":{"line":501,"column":16},"end":{"line":501,"column":79}},"264":{"start":{"line":501,"column":65},"end":{"line":501,"column":79}},"265":{"start":{"line":502,"column":16},"end":{"line":511,"column":19}},"266":{"start":{"line":503,"column":20},"end":{"line":510,"column":21}},"267":{"start":{"line":504,"column":24},"end":{"line":504,"column":68}},"268":{"start":{"line":507,"column":24},"end":{"line":509,"column":27}},"269":{"start":{"line":508,"column":28},"end":{"line":508,"column":82}},"270":{"start":{"line":513,"column":16},"end":{"line":515,"column":17}},"271":{"start":{"line":514,"column":20},"end":{"line":514,"column":34}}},"branchMap":{"1":{"line":26,"type":"if","locations":[{"start":{"line":26,"column":8},"end":{"line":26,"column":8}},{"start":{"line":26,"column":8},"end":{"line":26,"column":8}}]},"2":{"line":26,"type":"binary-expr","locations":[{"start":{"line":26,"column":12},"end":{"line":26,"column":28}},{"start":{"line":26,"column":32},"end":{"line":26,"column":44}},{"start":{"line":26,"column":48},"end":{"line":26,"column":60}}]},"3":{"line":28,"type":"if","locations":[{"start":{"line":28,"column":15},"end":{"line":28,"column":15}},{"start":{"line":28,"column":15},"end":{"line":28,"column":15}}]},"4":{"line":28,"type":"binary-expr","locations":[{"start":{"line":28,"column":19},"end":{"line":28,"column":36}},{"start":{"line":28,"column":40},"end":{"line":28,"column":52}}]},"5":{"line":31,"type":"if","locations":[{"start":{"line":31,"column":15},"end":{"line":31,"column":15}},{"start":{"line":31,"column":15},"end":{"line":31,"column":15}}]},"6":{"line":33,"type":"if","locations":[{"start":{"line":33,"column":15},"end":{"line":33,"column":15}},{"start":{"line":33,"column":15},"end":{"line":33,"column":15}}]},"7":{"line":35,"type":"if","locations":[{"start":{"line":35,"column":15},"end":{"line":35,"column":15}},{"start":{"line":35,"column":15},"end":{"line":35,"column":15}}]},"8":{"line":37,"type":"if","locations":[{"start":{"line":37,"column":15},"end":{"line":37,"column":15}},{"start":{"line":37,"column":15},"end":{"line":37,"column":15}}]},"9":{"line":39,"type":"if","locations":[{"start":{"line":39,"column":15},"end":{"line":39,"column":15}},{"start":{"line":39,"column":15},"end":{"line":39,"column":15}}]},"10":{"line":39,"type":"binary-expr","locations":[{"start":{"line":39,"column":19},"end":{"line":39,"column":38}},{"start":{"line":39,"column":42},"end":{"line":39,"column":54}}]},"11":{"line":41,"type":"if","locations":[{"start":{"line":41,"column":15},"end":{"line":41,"column":15}},{"start":{"line":41,"column":15},"end":{"line":41,"column":15}}]},"12":{"line":41,"type":"binary-expr","locations":[{"start":{"line":41,"column":19},"end":{"line":41,"column":46}},{"start":{"line":41,"column":50},"end":{"line":41,"column":63}}]},"13":{"line":43,"type":"if","locations":[{"start":{"line":43,"column":15},"end":{"line":43,"column":15}},{"start":{"line":43,"column":15},"end":{"line":43,"column":15}}]},"14":{"line":43,"type":"binary-expr","locations":[{"start":{"line":43,"column":19},"end":{"line":43,"column":36}},{"start":{"line":43,"column":40},"end":{"line":43,"column":52}}]},"15":{"line":45,"type":"if","locations":[{"start":{"line":45,"column":15},"end":{"line":45,"column":15}},{"start":{"line":45,"column":15},"end":{"line":45,"column":15}}]},"16":{"line":45,"type":"binary-expr","locations":[{"start":{"line":45,"column":19},"end":{"line":45,"column":45}},{"start":{"line":45,"column":49},"end":{"line":45,"column":61}}]},"17":{"line":47,"type":"if","locations":[{"start":{"line":47,"column":15},"end":{"line":47,"column":15}},{"start":{"line":47,"column":15},"end":{"line":47,"column":15}}]},"18":{"line":47,"type":"binary-expr","locations":[{"start":{"line":47,"column":19},"end":{"line":47,"column":37}},{"start":{"line":47,"column":41},"end":{"line":47,"column":53}}]},"19":{"line":49,"type":"if","locations":[{"start":{"line":49,"column":15},"end":{"line":49,"column":15}},{"start":{"line":49,"column":15},"end":{"line":49,"column":15}}]},"20":{"line":49,"type":"binary-expr","locations":[{"start":{"line":49,"column":19},"end":{"line":49,"column":39}},{"start":{"line":49,"column":43},"end":{"line":49,"column":57}}]},"21":{"line":51,"type":"if","locations":[{"start":{"line":51,"column":15},"end":{"line":51,"column":15}},{"start":{"line":51,"column":15},"end":{"line":51,"column":15}}]},"22":{"line":53,"type":"if","locations":[{"start":{"line":53,"column":15},"end":{"line":53,"column":15}},{"start":{"line":53,"column":15},"end":{"line":53,"column":15}}]},"23":{"line":53,"type":"binary-expr","locations":[{"start":{"line":53,"column":19},"end":{"line":53,"column":44}},{"start":{"line":53,"column":48},"end":{"line":53,"column":60}}]},"24":{"line":55,"type":"if","locations":[{"start":{"line":55,"column":15},"end":{"line"
[...]
  if (arg === \"--help\" || arg === \"-h\" || arg === \"-?\") {","            return help();","        } else if (arg === \"--quiet\" || arg === \"-q\") {","            debug = false;","            log = function(){};","        } else if (arg === \"--harmony\") {","            harmony = true;","        } else if (arg === \"--inspect\") {","            inspect = true;","        } else if (arg === \"--harmony_default_parameters\") {","            harmony_default_parameters = true;","        } else if (arg === \"--harmony_destructuring\") {","            harmony_destructuring = true;","        } else if (arg === \"--verbose\" || arg === \"-V\") {","            verbose = true;","        } else if (arg === \"--restart-verbose\" || arg === \"-RV\") {","            restartVerbose = true;","        } else if (arg === \"--watch\" || arg === \"-w\") {","            watch = args.shift();","        } else if (arg == \"--non-interactive\" || arg === \"-t\") {","            interactive = false;","        } else if (arg === \"--ignore\" || arg === \"-i\") {","            ignore = args.shift();","        } else if (arg === \"--save-pid\" || arg === \"-pid\") {","            pidFilePath = args.shift();","        } else if (arg === \"--ignore-symlinks\") {","            ignoreSymLinks = true;","        } else if (arg === \"--poll-interval\" || arg === \"-p\") {","            poll_interval = parseInt(args.shift());","        } else if (arg === \"--extensions\" || arg === \"-e\") {","            extensions = args.shift();","        } else if (arg === \"--exec\" || arg === \"-x\") {","            executor = args.shift();","        } else if (arg === \"--no-restart-on\" || arg === \"-n\") {","            noRestartOn = args.shift();","        } else if (arg.indexOf(\"--debug\") > -1 && arg.indexOf('--debug-brk') === -1) {","            debugFlag = arg;","        } else if (arg.indexOf('--debug-brk')>=0) {","            debugBrkFlag = true;","            debugBrkFlagArg = arg;","        } else if (arg === \"--force-watch\") {","            forceWatchFlag = true;","        } else if (arg === \"--instant-kill\" || arg === \"-k\") {","            instantKillFlag = true;","        } else if (arg === \"--timestamp\" || arg === \"-s\") {","            timestampFlag = true;","        } else if (arg === \"--\") {","            program = args;","            break;","        } else if (arg[0] != \"-\" && !args.length) {","            // Assume last arg is the program","            program = [arg];","        }","    }","    if (!program) {","        return help();","    }","    if (!watch) {","        watch = \".\";","    }","    if (!poll_interval) {","        poll_interval = 1000;","    }","","    var programExt = program.join(\" \").match(/.*\\.(\\S*)/);","    programExt = programExt && programExt[1];","","    if (!extensions) {","        // If no extensions passed try to guess from the program","        extensions = \"node,js\";","        if (programExt && extensions.indexOf(programExt) == -1) {","            // Support coffee and litcoffee extensions","            if(programExt === \"coffee\" || programExt === \"litcoffee\") {","                extensions += \",coffee,litcoffee\";","            } else {","                extensions += \",\" + programExt;","            }","        }","    }","    fileExtensionPattern = new RegExp(\"^.*\\.(\" + extensions.replace(/,/g, \"|\") + \")$\");","","    if (!executor) {","        executor = (programExt === \"coffee\" || programExt === \"litcoffee\") ? \"coffee\" : \"node\";","    }","","    if (debugFlag) {","        program.unshift(debugFlag);","    }","    if (debugBrkFlag) {","        program.unshift(debugBrkFlagArg);","    }","    if (harmony) {","        program.unshift(\"--harmony\");","    }","    if (inspect) {","        program.unshift(\"--inspect\");","    }","    if (harmony_default_parameters) {","        program.unshift(\"--harmony_default_parameters\");","    }","    if (harmony_destructuring) {","        program.unshift(\"--harmony_destructuring\");","    }","    if (executor === \"coffee\" && (debugFlag || debugBrkFlag)) {","        // coffee does not understand debug or debug-brk, make coffee pass options to node","        program.unshift(\"--nodejs\")","    }","    if (pidFilePath) {","        var pid = process.pid;","        //","        // verify if we have write access","        //","        canWrite(pidFilePath, function(err) {","            if ( err ) {","                log(\"Continuing...\");","            } else {","                fs.writeFileSync(pidFilePath, pid + '\\n');","            }","        });","    }","","    var deletePidFile = function(){","        fs.exists(pidFilePath, function (exists) {","            if ( exists ) {","                log(\"Removing pid file\");","                fs.unlinkSync(pidFilePath);","            } else {","                log(\"No pid file to remove...\");","            }","            process.exit();","        });","    };","","    try {","        // Pass kill signals through to child","        [ \"SIGTERM\", \"SIGINT\", \"SIGHUP\", \"SIGQUIT\" ].forEach( function(signal) {","            process.on(signal, function () {","                var child = exports.child;","                if (child) {","                    log(\"Received \"+signal+\", killing child process...\");","                    child.kill(signal);","                }","                if (pidFilePath){","                    deletePidFile();","                }","                else {","                    process.exit();","                }","            });","        });","    } catch(e) {","        // Windows doesn't support signals yet, so they simply don't get this handling.","        // https://github.com/joyent/node/issues/1553","    }","","    process.on('exit', function () {","        var child = exports.child;","        if (child) {","            log(\"Parent process exiting, terminating child...\");","            child.kill(\"SIGTERM\");","        }","    });","","    log(\"\");","    log(\"Running node-supervisor with\");","    log(\"  program '\" + program.join(\" \") + \"'\");","    log(\"  --watch '\" + watch + \"'\");","    if (!interactive) {","        log(\"  --non-interactive\");","    }","    if (ignore) {","        log(\"  --ignore '\" + ignore + \"'\");","    }","    if (pidFilePath){","        log(\"  --save-pid '\" + pidFilePath + \"'\");","    }","    log(\"  --extensions '\" + extensions + \"'\");","    log(\"  --exec '\" + executor + \"'\");","    log(\"\");","","    // store the call to startProgramm in startChildProcess","    // in order to call it later","    startChildProcess = function() { startProgram(program, executor); };","","    // if we have a program, then run it, and restart when it crashes.","    // if we have a watch folder, then watch the folder for changes and restart the prog","    startChildProcess();","","    // If interaction has not been disabled, start the CLI","    if(interactive) {","","        //","        // Read input from stdin","        //","        var stdin = process.stdin;","","        stdin.setEncoding( 'utf8' );","        stdin.on('readable', function() {","            var chunk = process.stdin.read();","            //","            // Restart process when user inputs rs","            //","            if (chunk !== null && chunk === \"rs\\n\" || chunk === \"rs\\r\\n\") {","                //      process.stdout.write('data: ' + chunk);","                crash();","            }","        });","    }","","    if (ignore) {","        var ignoreItems = ignore.split(',');","        ignoreItems.forEach(function (ignoreItem) {","            ignoreItem = path.resolve(ignoreItem);","            ignoredPaths[ignoreItem] = true;","            log(\"Ignoring directory '\" + ignoreItem + \"'.\");","        });","    }","","    var watchItems = watch.split(',');","    watchItems.forEach(function (watchItem) {","        watchItem = path.resolve(watchItem);","","        if ( ! ignoredPaths[watchItem] ) {","            log(\"Watching directory '\" + watchItem + \"' for changes.\");","            if(interactive) {","                log(\"Press rs for restarting the process.\");","            }","            findAllWatchFiles(watchItem, function(f) {","                watchGivenFile( f, poll_interval );","            });","        }","    });","}","","// function print (m, n) { console.log(m+(!n?\"\\n\":\"\")); return print; }","function print (m) { console.log(m); return print; }","","function help () {","    print","    (\"\")","    (\"Node Supervisor is used to restart programs when they crash.\")","    (\"It can also be used to restart programs when a *.js file changes.\")","    (\"\")","    (\"Usage:\")","    (\"  supervisor [options] <program>\")","    (\"  supervisor [options] -- <program> [args ...]\")","    (\"\")","    (\"Required:\")","    (\"  <program>\")","    (\"    The program to run.\")","    (\"\")","    (\"Options:\")","    (\"  -w|--watch <watchItems>\")","    (\"    A comma-delimited list of folders or js files to watch for changes.\")","    (\"    When a change to a js file occurs, reload the program\")","    (\"    Default is '.'\")","    (\"\")","    (\"  -i|--ignore <ignoreItems>\")","    (\"    A comma-delimited list of folders to ignore for changes.\")","    (\"    No default\")","    (\"\")","    (\"  --ignore-symlinks\")","    (\"    Enable symbolic links ignoring when looking for files to watch.\")","    (\"\")","    (\"  -p|--poll-interval <milliseconds>\")","    (\"    How often to poll watched files for changes.\")","    (\"    Defaults to Node default.\")","    (\"\")","    (\"  -e|--extensions <extensions>\")","    (\"    Specific file extensions to watch in addition to defaults.\")","    (\"    Used when --watch option includes folders\")","    (\"    Default is 'node,js'\")","    (\"\")","    (\"  -x|--exec <executable>\")","    (\"    The executable that runs the specified program.\")","    (\"    Default is 'node'\")","    (\"\")","    (\"  --debug[=port]\")","    (\"    Start node with --debug flag. \")","    (\"\")","    (\"  --debug-brk[=port]\")","    (\"    Start node with --debug-brk[=port] flag.\")","    (\"\")","    (\"  --harmony\")","    (\"    Start node with --harmony flag.\")","    (\"  --inspect\")","    (\"    Start node with --inspect flag.\")","    (\"\")","    (\"  --harmony_default_parameters\")","    (\"    Start node with --harmony_default_parameters flag.\")","    (\"\")","    (\"  -n|--no-restart-on error|exit\")","    (\"    Don't automatically restart the supervised program if it ends.\")","    (\"    Supervisor will wait for a change in the source files.\")","    (\"    If \\\"error\\\", an exit code of 0 will still restart.\")","    (\"    If \\\"exit\\\", no restart regardless of exit code.\")","    (\"    If \\\"success\\\", no restart only if exit code is 0.\")","    (\"\")","    (\"  -t|--non-interactive\")","    (\"    Disable interactive capacity.\")","    (\"    With this option, supervisor won't listen to stdin.\")","    (\"\")","    (\"  -k|--instant-kill\")","    (\"    use SIGKILL (-9) to terminate child instead of the more gentle SIGTERM.\")","    (\"\")","    (\"  --force-watch\")","    (\"    Use fs.watch instead of fs.watchFile.\")","    (\"    This may be useful if you see a high cpu load on a windows machine.\")","    (\"\")","    (\"  -s|--timestamp\")","    (\"    Log timestamp after each run.\")","    (\"    Make it easy to tell when the task last ran.\")","    (\"\")","    (\"  -h|--help|-?\")","    (\"    Display these usage instructions.\")","    (\"\")","    (\"  -q|--quiet\")","    (\"    Suppress DEBUG messages\")","    (\"\")","    (\"  -V|--verbose\")","    (\"    Show extra DEBUG messages\")","    (\"\")","    (\"Options available after start:\")","    (\"rs - restart process.\")","    (\"     Useful for restarting supervisor eaven if no file has changed.\")","    (\"\")","    (\"Examples:\")","    (\"  supervisor myapp.js\")","    (\"  supervisor myapp.coffee\")","    (\"  supervisor -w scripts -e myext -x myrunner myapp\")","    (\"  supervisor -- server.js -h host -p port\")","    (\"\");","}","","function startProgram (prog, exec) {","    log(\"Starting child process with '\" + exec + \" \" + prog.join(\" \") + \"'\");","    crash_queued = false;","    var child = exports.child = spawn(exec, prog, {stdio: 'inherit'});","    // Support for Windows \".cmd\" files","    // On Windows 8.1, spawn can't launch apps without the .cmd extention","    // If already retried, let the app crash ... :'(","    if (process.platform === \"win32\" && exec.indexOf('.cmd') == -1) {","        child.on('error', function (err) {","            if (err.code === \"ENOENT\")","                return startProgram(prog, exec + \".cmd\");","        });","    }","    if (child.stdout) {","        // node < 0.8 doesn't understand the 'inherit' option, so pass through manually","        child.stdout.addListener(\"data\", function (chunk) { chunk && console.log(chunk); });","        child.stderr.addListener(\"data\", function (chunk) { chunk && console.error(chunk); });","    }","    child.addListener(\"exit\", function (code) {","        logTimestamp();","","        if (!crash_queued) {","            log(\"Program \" + exec + \" \" + prog.join(\" \") + \" exited with code \" + code + \"\\n\");","            exports.child = null;","            if (noRestartOn == \"exit\" || noRestartOn == \"error\" && code !== 0 || noRestartOn == \"success\" && code === 0) return;","        }","        startProgram(prog, exec);","    });","}","","function logTimestamp() {","  if (timestampFlag) {","    // use console.log() directly rather than log() so that -q/--quiet","    // does not override/silence it","    console.log(Date().toString());","  }","}","","function crash () {","","    if (crash_queued)","        return;","","    crash_queued = true;","    var child = exports.child;","    setTimeout(function() {","        if (child) {","            if (instantKillFlag) {","                log(\"crashing child with SIGKILL\");","                process.kill(child.pid, \"SIGKILL\");","            } else {","                log(\"crashing child\");","                process.kill(child.pid, \"SIGTERM\");","            }","        } else {","            log(\"restarting child\");","            startChildProcess();","        }","    }, 50);","}","","function crashWin (event, filename) {","    var shouldCrash = true;","    if( event === 'change' ) {","        if (filename) {","            filename = path.resolve(filename);","            Object.keys(ignoredPaths).forEach(function (ignorePath) {","                if ( filename.indexOf(ignorePath + '\\\\') === 0 || filename === ignorePath) {","                    shouldCrash = false;","                }","            });","        }","        if (shouldCrash) {","            if (verbose || restartVerbose) {","                log(\"Changes detected\" + (filename ? \": \" + filename : \"\"));","            }","            crash();","        }","    }","}","/**"," * Determine if a file can be written"," */","function canWrite(path, callback) {","    fs.open(path, \"w\", function (err, fd) {","        if (err) {","            if (err.code === \"EISDIR\") {","                log(\"Can't open \" + path + \". It's a directory.\");","            }","            if (err.code === \"EACCESS\") {","                log(\"Can't open \" + path + \". No access.\");","            } else {","                log(\"Can't open \" + path + \".\");","            }","            return callback(err);","        }","        fs.close(fd, function (err) {","            if (err) return callback(err);","            callback(null, true);","        });","    });","}","","","var nodeVersion = process.version.split(\".\");","","var isWindowsWithoutWatchFile = process.platform === 'win32' && parseInt(nodeVersion[1]) <= 6;","","function watchGivenFile (watch, poll_interval) {","    if (isWindowsWithoutWatchFile || forceWatchFlag) {","        fs.watch(watch, { persistent: true, interval: poll_interval }, crashWin);","    } else {","        fs.watchFile(watch, { persistent: true, interval: poll_interval }, function(oldStat, newStat) {","            // we only care about modification time, not access time.","            if ( newStat.mtime.getTime() !== oldStat.mtime.getTime() ) {","                if (verbose) {","                    log(\"file changed: \" + watch);","                }","            }","            crash();","        });","    }","    if (verbose) {","        log(\"watching file '\" + watch + \"'\");","    }","}","","var findAllWatchFiles = function(dir, callback) {","    dir = path.resolve(dir);","    if (ignoredPaths[dir])","        return;","    fs[ignoreSymLinks ? 'lstat' : 'stat'](dir, function(err, stats) {","        if (err) {","            console.error('Error retrieving stats for file: ' + dir);","        } else {","            if (ignoreSymLinks && stats.isSymbolicLink()) {","                log(\"Ignoring symbolic link '\" + dir + \"'.\");","                return;","            }","","            if (stats.isDirectory()) {","                if (isWindowsWithoutWatchFile || forceWatchFlag) callback(dir);","                fs.readdir(dir, function(err, fileNames) {","                    if(err) {","                        console.error('Error reading path: ' + dir);","                    }","                    else {","                        fileNames.forEach(function (fileName) {","                            findAllWatchFiles(path.join(dir, fileName), callback);","                        });","                    }","                });","            } else {","                if ((!isWindowsWithoutWatchFile || !forceWatchFlag) && dir.match(fileExtensionPattern)) {","                    callback(dir);","                }","            }","        }","    });","};",""],"l":{"1":1,"2":1,"3":1,"4":1,"5":1,"6":1,"7":1,"8":1,"9":1,"10":1,"11":1,"12":1,"13":1,"14":1,"15":1,"16":1,"17":1,"18":1,"19":1,"21":1,"23":1,"24":0,"25":0,"26":0,"27":0,"28":0,"29":0,"30":0,"31":0,"32":0,"33":0,"34":0,"35":0,"36":0,"37":0,"38":0,"39":0,"40":0,"41":0,"42":0,"43":0,"44":0,"45":0,"46":0,"47":0,"48":0,"49":0,"50":0,"51":0,"52":0,"53":0,"54":0,"55":0,"56":0,"57":0,"58":0,"59":0,"60":0,"61":0,"62":0,"63":0,"64":0,"65":0,"66":0,"67":0,"68":0,"69":0,"70":0,"71":0,"72":0,"73":0,"74":0,"75":0,"77":0,"80":0,"81":0,"83":0,"84":0,"86":0,"87":0,"90":0,"91":0,"93":0,"95":0,"96":0,"98":0,"99":0,"101":0,"105":0,"107":0,"108":0,"111":0,"112":0,"114":0,"115":0,"117":0,"118":0,"120":0,"121":0,"123":0,"124":0,"126":0,"127":0,"129":0,"131":0,"133":0,"134":0,"138":0,"139":0,"140":0,"142":0,"147":0,"148":0,"149":0,"150":0,"151":0,"153":0,"155":0,"159":0,"161":0,"162":0,"163":0,"164":0,"165":0,"166":0,"168":0,"169":0,"172":0,"181":0,"182":0,"183":0,"184":0,"185":0,"189":0,"190":0,"191":0,"192":0,"193":0,"194":0,"196":0,"197":0,"199":0,"200":0,"202":0,"203":0,"204":0,"208":0,"212":0,"215":0,"220":0,"222":0,"223":0,"224":0,"228":0,"230":0,"235":0,"236":0,"237":0,"238":0,"239":0,"240":0,"244":0,"245":0,"246":0,"248":0,"249":0,"250":0,"251":0,"253":0,"254":0,"261":1,"263":1,"264":0,"360":1,"361":0,"362":0,"363":0,"367":0,"368":0,"369":0,"370":0,"373":0,"375":0,"376":0,"378":0,"379":0,"381":0,"382":0,"383":0,"384":0,"386":0,"390":1,"391":0,"394":0,"398":1,"400":0,"401":0,"403":0,"404":0,"405":0,"406":0,"407":0,"408":0,"409":0,"411":0,"412":0,"415":0,"416":0,"421":1,"422":0,"423":0,"424":0,"425":0,"426":0,"427":0,"428":0,"432":0,"433":0,"434":0,"436":0,"443":1,"444":0,"445":0,"446":0,"447":0,"449":0,"450":0,"452":0,"454":0,"456":0,"457":0,"458":0,"464":1,"466":1,"468":1,"469":0,"470":0,"472":0,"474":0,"475":0,"476":0,"479":0,"482":0,"483":0,"487":1,"488":0,"489":0,"490":0,"491":0,"492":0,"493":0,"495":0,"496":0,"497":0,"500":0,"501":0,"502":0,"503":0,"504":0,"507":0,"508":0,"513":0,"514":0}}}